{"C:\\Users\\Breno\\Documents\\Projects\\cogna-test\\backend\\dist\\app.controller.d.ts": {"path":"C:\\Users\\Breno\\Documents\\Projects\\cogna-test\\backend\\dist\\app.controller.d.ts","statementMap":{},"fnMap":{},"branchMap":{},"s":{},"f":{},"b":{}}
,"C:\\Users\\Breno\\Documents\\Projects\\cogna-test\\backend\\dist\\app.controller.js": {"path":"C:\\Users\\Breno\\Documents\\Projects\\cogna-test\\backend\\dist\\app.controller.js","statementMap":{"0":{"start":{"line":2,"column":17},"end":{"line":7,"column":1}},"1":{"start":{"line":3,"column":12},"end":{"line":3,"column":28}},"2":{"start":{"line":3,"column":34},"end":{"line":3,"column":125}},"3":{"start":{"line":4,"column":4},"end":{"line":5,"column":150}},"4":{"start":{"line":4,"column":79},"end":{"line":4,"column":131}},"5":{"start":{"line":5,"column":9},"end":{"line":5,"column":150}},"6":{"start":{"line":5,"column":22},"end":{"line":5,"column":43}},"7":{"start":{"line":5,"column":58},"end":{"line":5,"column":150}},"8":{"start":{"line":5,"column":81},"end":{"line":5,"column":150}},"9":{"start":{"line":6,"column":4},"end":{"line":6,"column":66}},"10":{"start":{"line":8,"column":17},"end":{"line":10,"column":1}},"11":{"start":{"line":9,"column":4},"end":{"line":9,"column":109}},"12":{"start":{"line":9,"column":79},"end":{"line":9,"column":109}},"13":{"start":{"line":11,"column":0},"end":{"line":11,"column":62}},"14":{"start":{"line":12,"column":0},"end":{"line":12,"column":31}},"15":{"start":{"line":13,"column":17},"end":{"line":13,"column":42}},"16":{"start":{"line":14,"column":22},"end":{"line":14,"column":46}},"17":{"start":{"line":15,"column":20},"end":{"line":23,"column":1}},"18":{"start":{"line":18,"column":8},"end":{"line":18,"column":37}},"19":{"start":{"line":21,"column":8},"end":{"line":21,"column":42}},"20":{"start":{"line":24,"column":0},"end":{"line":24,"column":38}},"21":{"start":{"line":25,"column":0},"end":{"line":30,"column":46}},"22":{"start":{"line":31,"column":0},"end":{"line":34,"column":18}}},"fnMap":{"0":{"name":"(anonymous_0)","decl":{"start":{"line":2,"column":46},"end":{"line":2,"column":47}},"loc":{"start":{"line":2,"column":87},"end":{"line":7,"column":1}},"line":2},"1":{"name":"(anonymous_1)","decl":{"start":{"line":8,"column":46},"end":{"line":8,"column":47}},"loc":{"start":{"line":8,"column":62},"end":{"line":10,"column":1}},"line":8},"2":{"name":"(anonymous_2)","decl":{"start":{"line":17,"column":4},"end":{"line":17,"column":5}},"loc":{"start":{"line":17,"column":28},"end":{"line":19,"column":5}},"line":17},"3":{"name":"(anonymous_3)","decl":{"start":{"line":20,"column":4},"end":{"line":20,"column":5}},"loc":{"start":{"line":20,"column":15},"end":{"line":22,"column":5}},"line":20}},"branchMap":{"0":{"loc":{"start":{"line":2,"column":17},"end":{"line":7,"column":1}},"type":"binary-expr","locations":[{"start":{"line":2,"column":18},"end":{"line":2,"column":22}},{"start":{"line":2,"column":26},"end":{"line":2,"column":41}},{"start":{"line":2,"column":46},"end":{"line":7,"column":1}}],"line":2},"1":{"loc":{"start":{"line":3,"column":34},"end":{"line":3,"column":125}},"type":"cond-expr","locations":[{"start":{"line":3,"column":42},"end":{"line":3,"column":48}},{"start":{"line":3,"column":51},"end":{"line":3,"column":125}}],"line":3},"2":{"loc":{"start":{"line":3,"column":51},"end":{"line":3,"column":125}},"type":"cond-expr","locations":[{"start":{"line":3,"column":67},"end":{"line":3,"column":118}},{"start":{"line":3,"column":121},"end":{"line":3,"column":125}}],"line":3},"3":{"loc":{"start":{"line":4,"column":4},"end":{"line":5,"column":150}},"type":"if","locations":[{"start":{"line":4,"column":4},"end":{"line":5,"column":150}},{"start":{"line":5,"column":9},"end":{"line":5,"column":150}}],"line":4},"4":{"loc":{"start":{"line":4,"column":8},"end":{"line":4,"column":77}},"type":"binary-expr","locations":[{"start":{"line":4,"column":8},"end":{"line":4,"column":35}},{"start":{"line":4,"column":39},"end":{"line":4,"column":77}}],"line":4},"5":{"loc":{"start":{"line":5,"column":58},"end":{"line":5,"column":150}},"type":"if","locations":[{"start":{"line":5,"column":58},"end":{"line":5,"column":150}},{"start":{},"end":{}}],"line":5},"6":{"loc":{"start":{"line":5,"column":85},"end":{"line":5,"column":149}},"type":"binary-expr","locations":[{"start":{"line":5,"column":86},"end":{"line":5,"column":143}},{"start":{"line":5,"column":148},"end":{"line":5,"column":149}}],"line":5},"7":{"loc":{"start":{"line":5,"column":86},"end":{"line":5,"column":143}},"type":"cond-expr","locations":[{"start":{"line":5,"column":94},"end":{"line":5,"column":98}},{"start":{"line":5,"column":101},"end":{"line":5,"column":143}}],"line":5},"8":{"loc":{"start":{"line":5,"column":101},"end":{"line":5,"column":143}},"type":"cond-expr","locations":[{"start":{"line":5,"column":109},"end":{"line":5,"column":126}},{"start":{"line":5,"column":129},"end":{"line":5,"column":143}}],"line":5},"9":{"loc":{"start":{"line":6,"column":11},"end":{"line":6,"column":62}},"type":"binary-expr","locations":[{"start":{"line":6,"column":11},"end":{"line":6,"column":16}},{"start":{"line":6,"column":20},"end":{"line":6,"column":21}},{"start":{"line":6,"column":25},"end":{"line":6,"column":62}}],"line":6},"10":{"loc":{"start":{"line":8,"column":17},"end":{"line":10,"column":1}},"type":"binary-expr","locations":[{"start":{"line":8,"column":18},"end":{"line":8,"column":22}},{"start":{"line":8,"column":26},"end":{"line":8,"column":41}},{"start":{"line":8,"column":46},"end":{"line":10,"column":1}}],"line":8},"11":{"loc":{"start":{"line":9,"column":4},"end":{"line":9,"column":109}},"type":"if","locations":[{"start":{"line":9,"column":4},"end":{"line":9,"column":109}},{"start":{},"end":{}}],"line":9},"12":{"loc":{"start":{"line":9,"column":8},"end":{"line":9,"column":77}},"type":"binary-expr","locations":[{"start":{"line":9,"column":8},"end":{"line":9,"column":35}},{"start":{"line":9,"column":39},"end":{"line":9,"column":77}}],"line":9}},"s":{"0":0,"1":0,"2":0,"3":0,"4":0,"5":0,"6":0,"7":0,"8":0,"9":0,"10":0,"11":0,"12":0,"13":0,"14":0,"15":0,"16":0,"17":0,"18":0,"19":0,"20":0,"21":0,"22":0},"f":{"0":0,"1":0,"2":0,"3":0},"b":{"0":[0,0,0],"1":[0,0],"2":[0,0],"3":[0,0],"4":[0,0],"5":[0,0],"6":[0,0],"7":[0,0],"8":[0,0],"9":[0,0,0],"10":[0,0,0],"11":[0,0],"12":[0,0]}}
,"C:\\Users\\Breno\\Documents\\Projects\\cogna-test\\backend\\dist\\app.module.d.ts": {"path":"C:\\Users\\Breno\\Documents\\Projects\\cogna-test\\backend\\dist\\app.module.d.ts","statementMap":{},"fnMap":{},"branchMap":{},"s":{},"f":{},"b":{}}
,"C:\\Users\\Breno\\Documents\\Projects\\cogna-test\\backend\\dist\\app.module.js": {"path":"C:\\Users\\Breno\\Documents\\Projects\\cogna-test\\backend\\dist\\app.module.js","statementMap":{"0":{"start":{"line":2,"column":17},"end":{"line":7,"column":1}},"1":{"start":{"line":3,"column":12},"end":{"line":3,"column":28}},"2":{"start":{"line":3,"column":34},"end":{"line":3,"column":125}},"3":{"start":{"line":4,"column":4},"end":{"line":5,"column":150}},"4":{"start":{"line":4,"column":79},"end":{"line":4,"column":131}},"5":{"start":{"line":5,"column":9},"end":{"line":5,"column":150}},"6":{"start":{"line":5,"column":22},"end":{"line":5,"column":43}},"7":{"start":{"line":5,"column":58},"end":{"line":5,"column":150}},"8":{"start":{"line":5,"column":81},"end":{"line":5,"column":150}},"9":{"start":{"line":6,"column":4},"end":{"line":6,"column":66}},"10":{"start":{"line":8,"column":0},"end":{"line":8,"column":62}},"11":{"start":{"line":9,"column":0},"end":{"line":9,"column":27}},"12":{"start":{"line":10,"column":17},"end":{"line":10,"column":42}},"13":{"start":{"line":11,"column":25},"end":{"line":11,"column":52}},"14":{"start":{"line":12,"column":22},"end":{"line":12,"column":46}},"15":{"start":{"line":13,"column":25},"end":{"line":13,"column":60}},"16":{"start":{"line":14,"column":26},"end":{"line":14,"column":63}},"17":{"start":{"line":15,"column":27},"end":{"line":15,"column":73}},"18":{"start":{"line":16,"column":17},"end":{"line":16,"column":42}},"19":{"start":{"line":17,"column":17},"end":{"line":17,"column":36}},"20":{"start":{"line":18,"column":28},"end":{"line":18,"column":56}},"21":{"start":{"line":19,"column":32},"end":{"line":19,"column":73}},"22":{"start":{"line":20,"column":26},"end":{"line":20,"column":52}},"23":{"start":{"line":21,"column":15},"end":{"line":21,"column":38}},"24":{"start":{"line":22,"column":22},"end":{"line":22,"column":51}},"25":{"start":{"line":23,"column":17},"end":{"line":23,"column":41}},"26":{"start":{"line":24,"column":22},"end":{"line":24,"column":51}},"27":{"start":{"line":25,"column":16},"end":{"line":26,"column":1}},"28":{"start":{"line":27,"column":0},"end":{"line":27,"column":30}},"29":{"start":{"line":28,"column":0},"end":{"line":65,"column":14}},"30":{"start":{"line":36,"column":44},"end":{"line":38,"column":22}},"31":{"start":{"line":39,"column":35},"end":{"line":41,"column":22}},"32":{"start":{"line":42,"column":20},"end":{"line":46,"column":21}},"33":{"start":{"line":43,"column":24},"end":{"line":45,"column":43}},"34":{"start":{"line":44,"column":42},"end":{"line":44,"column":56}},"35":{"start":{"line":47,"column":20},"end":{"line":47,"column":43}}},"fnMap":{"0":{"name":"(anonymous_0)","decl":{"start":{"line":2,"column":46},"end":{"line":2,"column":47}},"loc":{"start":{"line":2,"column":87},"end":{"line":7,"column":1}},"line":2},"1":{"name":"(anonymous_1)","decl":{"start":{"line":35,"column":26},"end":{"line":35,"column":27}},"loc":{"start":{"line":35,"column":38},"end":{"line":48,"column":17}},"line":35},"2":{"name":"(anonymous_2)","decl":{"start":{"line":44,"column":33},"end":{"line":44,"column":34}},"loc":{"start":{"line":44,"column":42},"end":{"line":44,"column":56}},"line":44}},"branchMap":{"0":{"loc":{"start":{"line":2,"column":17},"end":{"line":7,"column":1}},"type":"binary-expr","locations":[{"start":{"line":2,"column":18},"end":{"line":2,"column":22}},{"start":{"line":2,"column":26},"end":{"line":2,"column":41}},{"start":{"line":2,"column":46},"end":{"line":7,"column":1}}],"line":2},"1":{"loc":{"start":{"line":3,"column":34},"end":{"line":3,"column":125}},"type":"cond-expr","locations":[{"start":{"line":3,"column":42},"end":{"line":3,"column":48}},{"start":{"line":3,"column":51},"end":{"line":3,"column":125}}],"line":3},"2":{"loc":{"start":{"line":3,"column":51},"end":{"line":3,"column":125}},"type":"cond-expr","locations":[{"start":{"line":3,"column":67},"end":{"line":3,"column":118}},{"start":{"line":3,"column":121},"end":{"line":3,"column":125}}],"line":3},"3":{"loc":{"start":{"line":4,"column":4},"end":{"line":5,"column":150}},"type":"if","locations":[{"start":{"line":4,"column":4},"end":{"line":5,"column":150}},{"start":{"line":5,"column":9},"end":{"line":5,"column":150}}],"line":4},"4":{"loc":{"start":{"line":4,"column":8},"end":{"line":4,"column":77}},"type":"binary-expr","locations":[{"start":{"line":4,"column":8},"end":{"line":4,"column":35}},{"start":{"line":4,"column":39},"end":{"line":4,"column":77}}],"line":4},"5":{"loc":{"start":{"line":5,"column":58},"end":{"line":5,"column":150}},"type":"if","locations":[{"start":{"line":5,"column":58},"end":{"line":5,"column":150}},{"start":{},"end":{}}],"line":5},"6":{"loc":{"start":{"line":5,"column":85},"end":{"line":5,"column":149}},"type":"binary-expr","locations":[{"start":{"line":5,"column":86},"end":{"line":5,"column":143}},{"start":{"line":5,"column":148},"end":{"line":5,"column":149}}],"line":5},"7":{"loc":{"start":{"line":5,"column":86},"end":{"line":5,"column":143}},"type":"cond-expr","locations":[{"start":{"line":5,"column":94},"end":{"line":5,"column":98}},{"start":{"line":5,"column":101},"end":{"line":5,"column":143}}],"line":5},"8":{"loc":{"start":{"line":5,"column":101},"end":{"line":5,"column":143}},"type":"cond-expr","locations":[{"start":{"line":5,"column":109},"end":{"line":5,"column":126}},{"start":{"line":5,"column":129},"end":{"line":5,"column":143}}],"line":5},"9":{"loc":{"start":{"line":6,"column":11},"end":{"line":6,"column":62}},"type":"binary-expr","locations":[{"start":{"line":6,"column":11},"end":{"line":6,"column":16}},{"start":{"line":6,"column":20},"end":{"line":6,"column":21}},{"start":{"line":6,"column":25},"end":{"line":6,"column":62}}],"line":6},"10":{"loc":{"start":{"line":42,"column":20},"end":{"line":46,"column":21}},"type":"if","locations":[{"start":{"line":42,"column":20},"end":{"line":46,"column":21}},{"start":{},"end":{}}],"line":42}},"s":{"0":0,"1":0,"2":0,"3":0,"4":0,"5":0,"6":0,"7":0,"8":0,"9":0,"10":0,"11":0,"12":0,"13":0,"14":0,"15":0,"16":0,"17":0,"18":0,"19":0,"20":0,"21":0,"22":0,"23":0,"24":0,"25":0,"26":0,"27":0,"28":0,"29":0,"30":0,"31":0,"32":0,"33":0,"34":0,"35":0},"f":{"0":0,"1":0,"2":0},"b":{"0":[0,0,0],"1":[0,0],"2":[0,0],"3":[0,0],"4":[0,0],"5":[0,0],"6":[0,0],"7":[0,0],"8":[0,0],"9":[0,0,0],"10":[0,0]}}
,"C:\\Users\\Breno\\Documents\\Projects\\cogna-test\\backend\\dist\\app.service.d.ts": {"path":"C:\\Users\\Breno\\Documents\\Projects\\cogna-test\\backend\\dist\\app.service.d.ts","statementMap":{},"fnMap":{},"branchMap":{},"s":{},"f":{},"b":{}}
,"C:\\Users\\Breno\\Documents\\Projects\\cogna-test\\backend\\dist\\app.service.js": {"path":"C:\\Users\\Breno\\Documents\\Projects\\cogna-test\\backend\\dist\\app.service.js","statementMap":{"0":{"start":{"line":2,"column":17},"end":{"line":7,"column":1}},"1":{"start":{"line":3,"column":12},"end":{"line":3,"column":28}},"2":{"start":{"line":3,"column":34},"end":{"line":3,"column":125}},"3":{"start":{"line":4,"column":4},"end":{"line":5,"column":150}},"4":{"start":{"line":4,"column":79},"end":{"line":4,"column":131}},"5":{"start":{"line":5,"column":9},"end":{"line":5,"column":150}},"6":{"start":{"line":5,"column":22},"end":{"line":5,"column":43}},"7":{"start":{"line":5,"column":58},"end":{"line":5,"column":150}},"8":{"start":{"line":5,"column":81},"end":{"line":5,"column":150}},"9":{"start":{"line":6,"column":4},"end":{"line":6,"column":66}},"10":{"start":{"line":8,"column":0},"end":{"line":8,"column":62}},"11":{"start":{"line":9,"column":0},"end":{"line":9,"column":28}},"12":{"start":{"line":10,"column":17},"end":{"line":10,"column":42}},"13":{"start":{"line":11,"column":17},"end":{"line":15,"column":1}},"14":{"start":{"line":13,"column":8},"end":{"line":13,"column":30}},"15":{"start":{"line":16,"column":0},"end":{"line":16,"column":32}},"16":{"start":{"line":17,"column":0},"end":{"line":19,"column":15}}},"fnMap":{"0":{"name":"(anonymous_0)","decl":{"start":{"line":2,"column":46},"end":{"line":2,"column":47}},"loc":{"start":{"line":2,"column":87},"end":{"line":7,"column":1}},"line":2},"1":{"name":"(anonymous_1)","decl":{"start":{"line":12,"column":4},"end":{"line":12,"column":5}},"loc":{"start":{"line":12,"column":15},"end":{"line":14,"column":5}},"line":12}},"branchMap":{"0":{"loc":{"start":{"line":2,"column":17},"end":{"line":7,"column":1}},"type":"binary-expr","locations":[{"start":{"line":2,"column":18},"end":{"line":2,"column":22}},{"start":{"line":2,"column":26},"end":{"line":2,"column":41}},{"start":{"line":2,"column":46},"end":{"line":7,"column":1}}],"line":2},"1":{"loc":{"start":{"line":3,"column":34},"end":{"line":3,"column":125}},"type":"cond-expr","locations":[{"start":{"line":3,"column":42},"end":{"line":3,"column":48}},{"start":{"line":3,"column":51},"end":{"line":3,"column":125}}],"line":3},"2":{"loc":{"start":{"line":3,"column":51},"end":{"line":3,"column":125}},"type":"cond-expr","locations":[{"start":{"line":3,"column":67},"end":{"line":3,"column":118}},{"start":{"line":3,"column":121},"end":{"line":3,"column":125}}],"line":3},"3":{"loc":{"start":{"line":4,"column":4},"end":{"line":5,"column":150}},"type":"if","locations":[{"start":{"line":4,"column":4},"end":{"line":5,"column":150}},{"start":{"line":5,"column":9},"end":{"line":5,"column":150}}],"line":4},"4":{"loc":{"start":{"line":4,"column":8},"end":{"line":4,"column":77}},"type":"binary-expr","locations":[{"start":{"line":4,"column":8},"end":{"line":4,"column":35}},{"start":{"line":4,"column":39},"end":{"line":4,"column":77}}],"line":4},"5":{"loc":{"start":{"line":5,"column":58},"end":{"line":5,"column":150}},"type":"if","locations":[{"start":{"line":5,"column":58},"end":{"line":5,"column":150}},{"start":{},"end":{}}],"line":5},"6":{"loc":{"start":{"line":5,"column":85},"end":{"line":5,"column":149}},"type":"binary-expr","locations":[{"start":{"line":5,"column":86},"end":{"line":5,"column":143}},{"start":{"line":5,"column":148},"end":{"line":5,"column":149}}],"line":5},"7":{"loc":{"start":{"line":5,"column":86},"end":{"line":5,"column":143}},"type":"cond-expr","locations":[{"start":{"line":5,"column":94},"end":{"line":5,"column":98}},{"start":{"line":5,"column":101},"end":{"line":5,"column":143}}],"line":5},"8":{"loc":{"start":{"line":5,"column":101},"end":{"line":5,"column":143}},"type":"cond-expr","locations":[{"start":{"line":5,"column":109},"end":{"line":5,"column":126}},{"start":{"line":5,"column":129},"end":{"line":5,"column":143}}],"line":5},"9":{"loc":{"start":{"line":6,"column":11},"end":{"line":6,"column":62}},"type":"binary-expr","locations":[{"start":{"line":6,"column":11},"end":{"line":6,"column":16}},{"start":{"line":6,"column":20},"end":{"line":6,"column":21}},{"start":{"line":6,"column":25},"end":{"line":6,"column":62}}],"line":6}},"s":{"0":0,"1":0,"2":0,"3":0,"4":0,"5":0,"6":0,"7":0,"8":0,"9":0,"10":0,"11":0,"12":0,"13":0,"14":0,"15":0,"16":0},"f":{"0":0,"1":0},"b":{"0":[0,0,0],"1":[0,0],"2":[0,0],"3":[0,0],"4":[0,0],"5":[0,0],"6":[0,0],"7":[0,0],"8":[0,0],"9":[0,0,0]}}
,"C:\\Users\\Breno\\Documents\\Projects\\cogna-test\\backend\\dist\\main.d.ts": {"path":"C:\\Users\\Breno\\Documents\\Projects\\cogna-test\\backend\\dist\\main.d.ts","statementMap":{},"fnMap":{},"branchMap":{},"s":{},"f":{},"b":{}}
,"C:\\Users\\Breno\\Documents\\Projects\\cogna-test\\backend\\dist\\main.js": {"path":"C:\\Users\\Breno\\Documents\\Projects\\cogna-test\\backend\\dist\\main.js","statementMap":{"0":{"start":{"line":2,"column":0},"end":{"line":2,"column":62}},"1":{"start":{"line":3,"column":15},"end":{"line":3,"column":38}},"2":{"start":{"line":4,"column":21},"end":{"line":4,"column":44}},"3":{"start":{"line":5,"column":17},"end":{"line":5,"column":34}},"4":{"start":{"line":6,"column":17},"end":{"line":6,"column":42}},"5":{"start":{"line":7,"column":37},"end":{"line":7,"column":89}},"6":{"start":{"line":8,"column":18},"end":{"line":8,"column":44}},"7":{"start":{"line":9,"column":41},"end":{"line":9,"column":102}},"8":{"start":{"line":11,"column":16},"end":{"line":11,"column":71}},"9":{"start":{"line":12,"column":4},"end":{"line":12,"column":37}},"10":{"start":{"line":13,"column":4},"end":{"line":17,"column":7}},"11":{"start":{"line":18,"column":4},"end":{"line":24,"column":8}},"12":{"start":{"line":25,"column":4},"end":{"line":25,"column":92}},"13":{"start":{"line":26,"column":19},"end":{"line":30,"column":16}},"14":{"start":{"line":31,"column":21},"end":{"line":31,"column":72}},"15":{"start":{"line":32,"column":4},"end":{"line":32,"column":61}},"16":{"start":{"line":33,"column":28},"end":{"line":33,"column":59}},"17":{"start":{"line":34,"column":4},"end":{"line":34,"column":110}},"18":{"start":{"line":35,"column":4},"end":{"line":35,"column":47}},"19":{"start":{"line":37,"column":0},"end":{"line":37,"column":17}}},"fnMap":{"0":{"name":"bootstrap","decl":{"start":{"line":10,"column":15},"end":{"line":10,"column":24}},"loc":{"start":{"line":10,"column":27},"end":{"line":36,"column":1}},"line":10}},"branchMap":{"0":{"loc":{"start":{"line":35,"column":21},"end":{"line":35,"column":45}},"type":"binary-expr","locations":[{"start":{"line":35,"column":21},"end":{"line":35,"column":37}},{"start":{"line":35,"column":41},"end":{"line":35,"column":45}}],"line":35}},"s":{"0":0,"1":0,"2":0,"3":0,"4":0,"5":0,"6":0,"7":0,"8":0,"9":0,"10":0,"11":0,"12":0,"13":0,"14":0,"15":0,"16":0,"17":0,"18":0,"19":0},"f":{"0":0},"b":{"0":[0,0]}}
,"C:\\Users\\Breno\\Documents\\Projects\\cogna-test\\backend\\dist\\@shared\\decorators\\index.d.ts": {"path":"C:\\Users\\Breno\\Documents\\Projects\\cogna-test\\backend\\dist\\@shared\\decorators\\index.d.ts","statementMap":{},"fnMap":{},"branchMap":{},"s":{},"f":{},"b":{}}
,"C:\\Users\\Breno\\Documents\\Projects\\cogna-test\\backend\\dist\\@shared\\decorators\\index.js": {"path":"C:\\Users\\Breno\\Documents\\Projects\\cogna-test\\backend\\dist\\@shared\\decorators\\index.js","statementMap":{"0":{"start":{"line":2,"column":22},"end":{"line":12,"column":3}},"1":{"start":{"line":3,"column":4},"end":{"line":3,"column":33}},"2":{"start":{"line":3,"column":26},"end":{"line":3,"column":33}},"3":{"start":{"line":4,"column":15},"end":{"line":4,"column":52}},"4":{"start":{"line":5,"column":4},"end":{"line":7,"column":5}},"5":{"start":{"line":6,"column":6},"end":{"line":6,"column":68}},"6":{"start":{"line":6,"column":51},"end":{"line":6,"column":63}},"7":{"start":{"line":8,"column":4},"end":{"line":8,"column":39}},"8":{"start":{"line":10,"column":4},"end":{"line":10,"column":33}},"9":{"start":{"line":10,"column":26},"end":{"line":10,"column":33}},"10":{"start":{"line":11,"column":4},"end":{"line":11,"column":17}},"11":{"start":{"line":13,"column":19},"end":{"line":15,"column":1}},"12":{"start":{"line":14,"column":4},"end":{"line":14,"column":126}},"13":{"start":{"line":14,"column":21},"end":{"line":14,"column":126}},"14":{"start":{"line":14,"column":95},"end":{"line":14,"column":126}},"15":{"start":{"line":16,"column":0},"end":{"line":16,"column":62}},"16":{"start":{"line":17,"column":0},"end":{"line":17,"column":62}}},"fnMap":{"0":{"name":"(anonymous_0)","decl":{"start":{"line":2,"column":74},"end":{"line":2,"column":75}},"loc":{"start":{"line":2,"column":96},"end":{"line":9,"column":1}},"line":2},"1":{"name":"(anonymous_1)","decl":{"start":{"line":6,"column":38},"end":{"line":6,"column":39}},"loc":{"start":{"line":6,"column":49},"end":{"line":6,"column":65}},"line":6},"2":{"name":"(anonymous_2)","decl":{"start":{"line":9,"column":6},"end":{"line":9,"column":7}},"loc":{"start":{"line":9,"column":28},"end":{"line":12,"column":1}},"line":9},"3":{"name":"(anonymous_3)","decl":{"start":{"line":13,"column":50},"end":{"line":13,"column":51}},"loc":{"start":{"line":13,"column":71},"end":{"line":15,"column":1}},"line":13}},"branchMap":{"0":{"loc":{"start":{"line":2,"column":22},"end":{"line":12,"column":3}},"type":"binary-expr","locations":[{"start":{"line":2,"column":23},"end":{"line":2,"column":27}},{"start":{"line":2,"column":31},"end":{"line":2,"column":51}},{"start":{"line":2,"column":57},"end":{"line":12,"column":2}}],"line":2},"1":{"loc":{"start":{"line":2,"column":57},"end":{"line":12,"column":2}},"type":"cond-expr","locations":[{"start":{"line":2,"column":74},"end":{"line":9,"column":1}},{"start":{"line":9,"column":6},"end":{"line":12,"column":1}}],"line":2},"2":{"loc":{"start":{"line":3,"column":4},"end":{"line":3,"column":33}},"type":"if","locations":[{"start":{"line":3,"column":4},"end":{"line":3,"column":33}},{"start":{},"end":{}}],"line":3},"3":{"loc":{"start":{"line":5,"column":4},"end":{"line":7,"column":5}},"type":"if","locations":[{"start":{"line":5,"column":4},"end":{"line":7,"column":5}},{"start":{},"end":{}}],"line":5},"4":{"loc":{"start":{"line":5,"column":8},"end":{"line":5,"column":85}},"type":"binary-expr","locations":[{"start":{"line":5,"column":8},"end":{"line":5,"column":13}},{"start":{"line":5,"column":18},"end":{"line":5,"column":84}}],"line":5},"5":{"loc":{"start":{"line":5,"column":18},"end":{"line":5,"column":84}},"type":"cond-expr","locations":[{"start":{"line":5,"column":34},"end":{"line":5,"column":47}},{"start":{"line":5,"column":50},"end":{"line":5,"column":84}}],"line":5},"6":{"loc":{"start":{"line":5,"column":50},"end":{"line":5,"column":84}},"type":"binary-expr","locations":[{"start":{"line":5,"column":50},"end":{"line":5,"column":63}},{"start":{"line":5,"column":67},"end":{"line":5,"column":84}}],"line":5},"7":{"loc":{"start":{"line":10,"column":4},"end":{"line":10,"column":33}},"type":"if","locations":[{"start":{"line":10,"column":4},"end":{"line":10,"column":33}},{"start":{},"end":{}}],"line":10},"8":{"loc":{"start":{"line":13,"column":19},"end":{"line":15,"column":1}},"type":"binary-expr","locations":[{"start":{"line":13,"column":20},"end":{"line":13,"column":24}},{"start":{"line":13,"column":28},"end":{"line":13,"column":45}},{"start":{"line":13,"column":50},"end":{"line":15,"column":1}}],"line":13},"9":{"loc":{"start":{"line":14,"column":21},"end":{"line":14,"column":126}},"type":"if","locations":[{"start":{"line":14,"column":21},"end":{"line":14,"column":126}},{"start":{},"end":{}}],"line":14},"10":{"loc":{"start":{"line":14,"column":25},"end":{"line":14,"column":93}},"type":"binary-expr","locations":[{"start":{"line":14,"column":25},"end":{"line":14,"column":40}},{"start":{"line":14,"column":44},"end":{"line":14,"column":93}}],"line":14}},"s":{"0":0,"1":0,"2":0,"3":0,"4":0,"5":0,"6":0,"7":0,"8":0,"9":0,"10":0,"11":0,"12":0,"13":0,"14":0,"15":0,"16":0},"f":{"0":0,"1":0,"2":0,"3":0},"b":{"0":[0,0,0],"1":[0,0],"2":[0,0],"3":[0,0],"4":[0,0],"5":[0,0],"6":[0,0],"7":[0,0],"8":[0,0,0],"9":[0,0],"10":[0,0]}}
,"C:\\Users\\Breno\\Documents\\Projects\\cogna-test\\backend\\dist\\@shared\\decorators\\strong-password.decorator.d.ts": {"path":"C:\\Users\\Breno\\Documents\\Projects\\cogna-test\\backend\\dist\\@shared\\decorators\\strong-password.decorator.d.ts","statementMap":{},"fnMap":{},"branchMap":{},"s":{},"f":{},"b":{}}
,"C:\\Users\\Breno\\Documents\\Projects\\cogna-test\\backend\\dist\\@shared\\decorators\\strong-password.decorator.js": {"path":"C:\\Users\\Breno\\Documents\\Projects\\cogna-test\\backend\\dist\\@shared\\decorators\\strong-password.decorator.js","statementMap":{"0":{"start":{"line":2,"column":0},"end":{"line":2,"column":62}},"1":{"start":{"line":3,"column":0},"end":{"line":3,"column":44}},"2":{"start":{"line":4,"column":26},"end":{"line":4,"column":52}},"3":{"start":{"line":6,"column":4},"end":{"line":24,"column":6}},"4":{"start":{"line":7,"column":8},"end":{"line":23,"column":11}},"5":{"start":{"line":14,"column":20},"end":{"line":17,"column":78}},"6":{"start":{"line":20,"column":20},"end":{"line":20,"column":145}}},"fnMap":{"0":{"name":"IsStrongPassword","decl":{"start":{"line":5,"column":9},"end":{"line":5,"column":25}},"loc":{"start":{"line":5,"column":45},"end":{"line":25,"column":1}},"line":5},"1":{"name":"(anonymous_1)","decl":{"start":{"line":6,"column":11},"end":{"line":6,"column":12}},"loc":{"start":{"line":6,"column":43},"end":{"line":24,"column":5}},"line":6},"2":{"name":"(anonymous_2)","decl":{"start":{"line":13,"column":16},"end":{"line":13,"column":17}},"loc":{"start":{"line":13,"column":32},"end":{"line":18,"column":17}},"line":13},"3":{"name":"(anonymous_3)","decl":{"start":{"line":19,"column":16},"end":{"line":19,"column":17}},"loc":{"start":{"line":19,"column":33},"end":{"line":21,"column":17}},"line":19}},"branchMap":{"0":{"loc":{"start":{"line":14,"column":28},"end":{"line":17,"column":76}},"type":"binary-expr","locations":[{"start":{"line":14,"column":28},"end":{"line":14,"column":53}},{"start":{"line":15,"column":24},"end":{"line":15,"column":41}},{"start":{"line":16,"column":24},"end":{"line":16,"column":43}},{"start":{"line":17,"column":24},"end":{"line":17,"column":76}}],"line":14}},"s":{"0":0,"1":0,"2":0,"3":0,"4":0,"5":0,"6":0},"f":{"0":0,"1":0,"2":0,"3":0},"b":{"0":[0,0,0,0]}}
,"C:\\Users\\Breno\\Documents\\Projects\\cogna-test\\backend\\dist\\@shared\\dto\\index.d.ts": {"path":"C:\\Users\\Breno\\Documents\\Projects\\cogna-test\\backend\\dist\\@shared\\dto\\index.d.ts","statementMap":{},"fnMap":{},"branchMap":{},"s":{},"f":{},"b":{}}
,"C:\\Users\\Breno\\Documents\\Projects\\cogna-test\\backend\\dist\\@shared\\dto\\index.js": {"path":"C:\\Users\\Breno\\Documents\\Projects\\cogna-test\\backend\\dist\\@shared\\dto\\index.js","statementMap":{"0":{"start":{"line":2,"column":22},"end":{"line":12,"column":3}},"1":{"start":{"line":3,"column":4},"end":{"line":3,"column":33}},"2":{"start":{"line":3,"column":26},"end":{"line":3,"column":33}},"3":{"start":{"line":4,"column":15},"end":{"line":4,"column":52}},"4":{"start":{"line":5,"column":4},"end":{"line":7,"column":5}},"5":{"start":{"line":6,"column":6},"end":{"line":6,"column":68}},"6":{"start":{"line":6,"column":51},"end":{"line":6,"column":63}},"7":{"start":{"line":8,"column":4},"end":{"line":8,"column":39}},"8":{"start":{"line":10,"column":4},"end":{"line":10,"column":33}},"9":{"start":{"line":10,"column":26},"end":{"line":10,"column":33}},"10":{"start":{"line":11,"column":4},"end":{"line":11,"column":17}},"11":{"start":{"line":13,"column":19},"end":{"line":15,"column":1}},"12":{"start":{"line":14,"column":4},"end":{"line":14,"column":126}},"13":{"start":{"line":14,"column":21},"end":{"line":14,"column":126}},"14":{"start":{"line":14,"column":95},"end":{"line":14,"column":126}},"15":{"start":{"line":16,"column":0},"end":{"line":16,"column":62}},"16":{"start":{"line":17,"column":0},"end":{"line":17,"column":49}}},"fnMap":{"0":{"name":"(anonymous_0)","decl":{"start":{"line":2,"column":74},"end":{"line":2,"column":75}},"loc":{"start":{"line":2,"column":96},"end":{"line":9,"column":1}},"line":2},"1":{"name":"(anonymous_1)","decl":{"start":{"line":6,"column":38},"end":{"line":6,"column":39}},"loc":{"start":{"line":6,"column":49},"end":{"line":6,"column":65}},"line":6},"2":{"name":"(anonymous_2)","decl":{"start":{"line":9,"column":6},"end":{"line":9,"column":7}},"loc":{"start":{"line":9,"column":28},"end":{"line":12,"column":1}},"line":9},"3":{"name":"(anonymous_3)","decl":{"start":{"line":13,"column":50},"end":{"line":13,"column":51}},"loc":{"start":{"line":13,"column":71},"end":{"line":15,"column":1}},"line":13}},"branchMap":{"0":{"loc":{"start":{"line":2,"column":22},"end":{"line":12,"column":3}},"type":"binary-expr","locations":[{"start":{"line":2,"column":23},"end":{"line":2,"column":27}},{"start":{"line":2,"column":31},"end":{"line":2,"column":51}},{"start":{"line":2,"column":57},"end":{"line":12,"column":2}}],"line":2},"1":{"loc":{"start":{"line":2,"column":57},"end":{"line":12,"column":2}},"type":"cond-expr","locations":[{"start":{"line":2,"column":74},"end":{"line":9,"column":1}},{"start":{"line":9,"column":6},"end":{"line":12,"column":1}}],"line":2},"2":{"loc":{"start":{"line":3,"column":4},"end":{"line":3,"column":33}},"type":"if","locations":[{"start":{"line":3,"column":4},"end":{"line":3,"column":33}},{"start":{},"end":{}}],"line":3},"3":{"loc":{"start":{"line":5,"column":4},"end":{"line":7,"column":5}},"type":"if","locations":[{"start":{"line":5,"column":4},"end":{"line":7,"column":5}},{"start":{},"end":{}}],"line":5},"4":{"loc":{"start":{"line":5,"column":8},"end":{"line":5,"column":85}},"type":"binary-expr","locations":[{"start":{"line":5,"column":8},"end":{"line":5,"column":13}},{"start":{"line":5,"column":18},"end":{"line":5,"column":84}}],"line":5},"5":{"loc":{"start":{"line":5,"column":18},"end":{"line":5,"column":84}},"type":"cond-expr","locations":[{"start":{"line":5,"column":34},"end":{"line":5,"column":47}},{"start":{"line":5,"column":50},"end":{"line":5,"column":84}}],"line":5},"6":{"loc":{"start":{"line":5,"column":50},"end":{"line":5,"column":84}},"type":"binary-expr","locations":[{"start":{"line":5,"column":50},"end":{"line":5,"column":63}},{"start":{"line":5,"column":67},"end":{"line":5,"column":84}}],"line":5},"7":{"loc":{"start":{"line":10,"column":4},"end":{"line":10,"column":33}},"type":"if","locations":[{"start":{"line":10,"column":4},"end":{"line":10,"column":33}},{"start":{},"end":{}}],"line":10},"8":{"loc":{"start":{"line":13,"column":19},"end":{"line":15,"column":1}},"type":"binary-expr","locations":[{"start":{"line":13,"column":20},"end":{"line":13,"column":24}},{"start":{"line":13,"column":28},"end":{"line":13,"column":45}},{"start":{"line":13,"column":50},"end":{"line":15,"column":1}}],"line":13},"9":{"loc":{"start":{"line":14,"column":21},"end":{"line":14,"column":126}},"type":"if","locations":[{"start":{"line":14,"column":21},"end":{"line":14,"column":126}},{"start":{},"end":{}}],"line":14},"10":{"loc":{"start":{"line":14,"column":25},"end":{"line":14,"column":93}},"type":"binary-expr","locations":[{"start":{"line":14,"column":25},"end":{"line":14,"column":40}},{"start":{"line":14,"column":44},"end":{"line":14,"column":93}}],"line":14}},"s":{"0":0,"1":0,"2":0,"3":0,"4":0,"5":0,"6":0,"7":0,"8":0,"9":0,"10":0,"11":0,"12":0,"13":0,"14":0,"15":0,"16":0},"f":{"0":0,"1":0,"2":0,"3":0},"b":{"0":[0,0,0],"1":[0,0],"2":[0,0],"3":[0,0],"4":[0,0],"5":[0,0],"6":[0,0],"7":[0,0],"8":[0,0,0],"9":[0,0],"10":[0,0]}}
,"C:\\Users\\Breno\\Documents\\Projects\\cogna-test\\backend\\dist\\@shared\\dto\\param-id.dto.d.ts": {"path":"C:\\Users\\Breno\\Documents\\Projects\\cogna-test\\backend\\dist\\@shared\\dto\\param-id.dto.d.ts","statementMap":{},"fnMap":{},"branchMap":{},"s":{},"f":{},"b":{}}
,"C:\\Users\\Breno\\Documents\\Projects\\cogna-test\\backend\\dist\\@shared\\dto\\param-id.dto.js": {"path":"C:\\Users\\Breno\\Documents\\Projects\\cogna-test\\backend\\dist\\@shared\\dto\\param-id.dto.js","statementMap":{"0":{"start":{"line":2,"column":17},"end":{"line":7,"column":1}},"1":{"start":{"line":3,"column":12},"end":{"line":3,"column":28}},"2":{"start":{"line":3,"column":34},"end":{"line":3,"column":125}},"3":{"start":{"line":4,"column":4},"end":{"line":5,"column":150}},"4":{"start":{"line":4,"column":79},"end":{"line":4,"column":131}},"5":{"start":{"line":5,"column":9},"end":{"line":5,"column":150}},"6":{"start":{"line":5,"column":22},"end":{"line":5,"column":43}},"7":{"start":{"line":5,"column":58},"end":{"line":5,"column":150}},"8":{"start":{"line":5,"column":81},"end":{"line":5,"column":150}},"9":{"start":{"line":6,"column":4},"end":{"line":6,"column":66}},"10":{"start":{"line":8,"column":17},"end":{"line":10,"column":1}},"11":{"start":{"line":9,"column":4},"end":{"line":9,"column":109}},"12":{"start":{"line":9,"column":79},"end":{"line":9,"column":109}},"13":{"start":{"line":11,"column":0},"end":{"line":11,"column":62}},"14":{"start":{"line":12,"column":0},"end":{"line":12,"column":28}},"15":{"start":{"line":13,"column":26},"end":{"line":13,"column":52}},"16":{"start":{"line":17,"column":0},"end":{"line":17,"column":32}},"17":{"start":{"line":18,"column":0},"end":{"line":21,"column":39}}},"fnMap":{"0":{"name":"(anonymous_0)","decl":{"start":{"line":2,"column":46},"end":{"line":2,"column":47}},"loc":{"start":{"line":2,"column":87},"end":{"line":7,"column":1}},"line":2},"1":{"name":"(anonymous_1)","decl":{"start":{"line":8,"column":46},"end":{"line":8,"column":47}},"loc":{"start":{"line":8,"column":62},"end":{"line":10,"column":1}},"line":8}},"branchMap":{"0":{"loc":{"start":{"line":2,"column":17},"end":{"line":7,"column":1}},"type":"binary-expr","locations":[{"start":{"line":2,"column":18},"end":{"line":2,"column":22}},{"start":{"line":2,"column":26},"end":{"line":2,"column":41}},{"start":{"line":2,"column":46},"end":{"line":7,"column":1}}],"line":2},"1":{"loc":{"start":{"line":3,"column":34},"end":{"line":3,"column":125}},"type":"cond-expr","locations":[{"start":{"line":3,"column":42},"end":{"line":3,"column":48}},{"start":{"line":3,"column":51},"end":{"line":3,"column":125}}],"line":3},"2":{"loc":{"start":{"line":3,"column":51},"end":{"line":3,"column":125}},"type":"cond-expr","locations":[{"start":{"line":3,"column":67},"end":{"line":3,"column":118}},{"start":{"line":3,"column":121},"end":{"line":3,"column":125}}],"line":3},"3":{"loc":{"start":{"line":4,"column":4},"end":{"line":5,"column":150}},"type":"if","locations":[{"start":{"line":4,"column":4},"end":{"line":5,"column":150}},{"start":{"line":5,"column":9},"end":{"line":5,"column":150}}],"line":4},"4":{"loc":{"start":{"line":4,"column":8},"end":{"line":4,"column":77}},"type":"binary-expr","locations":[{"start":{"line":4,"column":8},"end":{"line":4,"column":35}},{"start":{"line":4,"column":39},"end":{"line":4,"column":77}}],"line":4},"5":{"loc":{"start":{"line":5,"column":58},"end":{"line":5,"column":150}},"type":"if","locations":[{"start":{"line":5,"column":58},"end":{"line":5,"column":150}},{"start":{},"end":{}}],"line":5},"6":{"loc":{"start":{"line":5,"column":85},"end":{"line":5,"column":149}},"type":"binary-expr","locations":[{"start":{"line":5,"column":86},"end":{"line":5,"column":143}},{"start":{"line":5,"column":148},"end":{"line":5,"column":149}}],"line":5},"7":{"loc":{"start":{"line":5,"column":86},"end":{"line":5,"column":143}},"type":"cond-expr","locations":[{"start":{"line":5,"column":94},"end":{"line":5,"column":98}},{"start":{"line":5,"column":101},"end":{"line":5,"column":143}}],"line":5},"8":{"loc":{"start":{"line":5,"column":101},"end":{"line":5,"column":143}},"type":"cond-expr","locations":[{"start":{"line":5,"column":109},"end":{"line":5,"column":126}},{"start":{"line":5,"column":129},"end":{"line":5,"column":143}}],"line":5},"9":{"loc":{"start":{"line":6,"column":11},"end":{"line":6,"column":62}},"type":"binary-expr","locations":[{"start":{"line":6,"column":11},"end":{"line":6,"column":16}},{"start":{"line":6,"column":20},"end":{"line":6,"column":21}},{"start":{"line":6,"column":25},"end":{"line":6,"column":62}}],"line":6},"10":{"loc":{"start":{"line":8,"column":17},"end":{"line":10,"column":1}},"type":"binary-expr","locations":[{"start":{"line":8,"column":18},"end":{"line":8,"column":22}},{"start":{"line":8,"column":26},"end":{"line":8,"column":41}},{"start":{"line":8,"column":46},"end":{"line":10,"column":1}}],"line":8},"11":{"loc":{"start":{"line":9,"column":4},"end":{"line":9,"column":109}},"type":"if","locations":[{"start":{"line":9,"column":4},"end":{"line":9,"column":109}},{"start":{},"end":{}}],"line":9},"12":{"loc":{"start":{"line":9,"column":8},"end":{"line":9,"column":77}},"type":"binary-expr","locations":[{"start":{"line":9,"column":8},"end":{"line":9,"column":35}},{"start":{"line":9,"column":39},"end":{"line":9,"column":77}}],"line":9}},"s":{"0":0,"1":0,"2":0,"3":0,"4":0,"5":0,"6":0,"7":0,"8":0,"9":0,"10":0,"11":0,"12":0,"13":0,"14":0,"15":0,"16":0,"17":0},"f":{"0":0,"1":0},"b":{"0":[0,0,0],"1":[0,0],"2":[0,0],"3":[0,0],"4":[0,0],"5":[0,0],"6":[0,0],"7":[0,0],"8":[0,0],"9":[0,0,0],"10":[0,0,0],"11":[0,0],"12":[0,0]}}
,"C:\\Users\\Breno\\Documents\\Projects\\cogna-test\\backend\\dist\\auth\\auth.module.d.ts": {"path":"C:\\Users\\Breno\\Documents\\Projects\\cogna-test\\backend\\dist\\auth\\auth.module.d.ts","statementMap":{},"fnMap":{},"branchMap":{},"s":{},"f":{},"b":{}}
,"C:\\Users\\Breno\\Documents\\Projects\\cogna-test\\backend\\dist\\auth\\auth.module.js": {"path":"C:\\Users\\Breno\\Documents\\Projects\\cogna-test\\backend\\dist\\auth\\auth.module.js","statementMap":{"0":{"start":{"line":2,"column":17},"end":{"line":7,"column":1}},"1":{"start":{"line":3,"column":12},"end":{"line":3,"column":28}},"2":{"start":{"line":3,"column":34},"end":{"line":3,"column":125}},"3":{"start":{"line":4,"column":4},"end":{"line":5,"column":150}},"4":{"start":{"line":4,"column":79},"end":{"line":4,"column":131}},"5":{"start":{"line":5,"column":9},"end":{"line":5,"column":150}},"6":{"start":{"line":5,"column":22},"end":{"line":5,"column":43}},"7":{"start":{"line":5,"column":58},"end":{"line":5,"column":150}},"8":{"start":{"line":5,"column":81},"end":{"line":5,"column":150}},"9":{"start":{"line":6,"column":4},"end":{"line":6,"column":66}},"10":{"start":{"line":8,"column":0},"end":{"line":8,"column":62}},"11":{"start":{"line":9,"column":0},"end":{"line":9,"column":28}},"12":{"start":{"line":10,"column":17},"end":{"line":10,"column":42}},"13":{"start":{"line":11,"column":14},"end":{"line":11,"column":36}},"14":{"start":{"line":12,"column":18},"end":{"line":12,"column":38}},"15":{"start":{"line":13,"column":21},"end":{"line":13,"column":44}},"16":{"start":{"line":14,"column":21},"end":{"line":14,"column":44}},"17":{"start":{"line":15,"column":22},"end":{"line":15,"column":52}},"18":{"start":{"line":16,"column":17},"end":{"line":17,"column":1}},"19":{"start":{"line":18,"column":0},"end":{"line":18,"column":32}},"20":{"start":{"line":19,"column":0},"end":{"line":33,"column":15}}},"fnMap":{"0":{"name":"(anonymous_0)","decl":{"start":{"line":2,"column":46},"end":{"line":2,"column":47}},"loc":{"start":{"line":2,"column":87},"end":{"line":7,"column":1}},"line":2}},"branchMap":{"0":{"loc":{"start":{"line":2,"column":17},"end":{"line":7,"column":1}},"type":"binary-expr","locations":[{"start":{"line":2,"column":18},"end":{"line":2,"column":22}},{"start":{"line":2,"column":26},"end":{"line":2,"column":41}},{"start":{"line":2,"column":46},"end":{"line":7,"column":1}}],"line":2},"1":{"loc":{"start":{"line":3,"column":34},"end":{"line":3,"column":125}},"type":"cond-expr","locations":[{"start":{"line":3,"column":42},"end":{"line":3,"column":48}},{"start":{"line":3,"column":51},"end":{"line":3,"column":125}}],"line":3},"2":{"loc":{"start":{"line":3,"column":51},"end":{"line":3,"column":125}},"type":"cond-expr","locations":[{"start":{"line":3,"column":67},"end":{"line":3,"column":118}},{"start":{"line":3,"column":121},"end":{"line":3,"column":125}}],"line":3},"3":{"loc":{"start":{"line":4,"column":4},"end":{"line":5,"column":150}},"type":"if","locations":[{"start":{"line":4,"column":4},"end":{"line":5,"column":150}},{"start":{"line":5,"column":9},"end":{"line":5,"column":150}}],"line":4},"4":{"loc":{"start":{"line":4,"column":8},"end":{"line":4,"column":77}},"type":"binary-expr","locations":[{"start":{"line":4,"column":8},"end":{"line":4,"column":35}},{"start":{"line":4,"column":39},"end":{"line":4,"column":77}}],"line":4},"5":{"loc":{"start":{"line":5,"column":58},"end":{"line":5,"column":150}},"type":"if","locations":[{"start":{"line":5,"column":58},"end":{"line":5,"column":150}},{"start":{},"end":{}}],"line":5},"6":{"loc":{"start":{"line":5,"column":85},"end":{"line":5,"column":149}},"type":"binary-expr","locations":[{"start":{"line":5,"column":86},"end":{"line":5,"column":143}},{"start":{"line":5,"column":148},"end":{"line":5,"column":149}}],"line":5},"7":{"loc":{"start":{"line":5,"column":86},"end":{"line":5,"column":143}},"type":"cond-expr","locations":[{"start":{"line":5,"column":94},"end":{"line":5,"column":98}},{"start":{"line":5,"column":101},"end":{"line":5,"column":143}}],"line":5},"8":{"loc":{"start":{"line":5,"column":101},"end":{"line":5,"column":143}},"type":"cond-expr","locations":[{"start":{"line":5,"column":109},"end":{"line":5,"column":126}},{"start":{"line":5,"column":129},"end":{"line":5,"column":143}}],"line":5},"9":{"loc":{"start":{"line":6,"column":11},"end":{"line":6,"column":62}},"type":"binary-expr","locations":[{"start":{"line":6,"column":11},"end":{"line":6,"column":16}},{"start":{"line":6,"column":20},"end":{"line":6,"column":21}},{"start":{"line":6,"column":25},"end":{"line":6,"column":62}}],"line":6}},"s":{"0":0,"1":0,"2":0,"3":0,"4":0,"5":0,"6":0,"7":0,"8":0,"9":0,"10":0,"11":0,"12":0,"13":0,"14":0,"15":0,"16":0,"17":0,"18":0,"19":0,"20":0},"f":{"0":0},"b":{"0":[0,0,0],"1":[0,0],"2":[0,0],"3":[0,0],"4":[0,0],"5":[0,0],"6":[0,0],"7":[0,0],"8":[0,0],"9":[0,0,0]}}
,"C:\\Users\\Breno\\Documents\\Projects\\cogna-test\\backend\\dist\\auth\\controller\\auth.controller.d.ts": {"path":"C:\\Users\\Breno\\Documents\\Projects\\cogna-test\\backend\\dist\\auth\\controller\\auth.controller.d.ts","statementMap":{},"fnMap":{},"branchMap":{},"s":{},"f":{},"b":{}}
,"C:\\Users\\Breno\\Documents\\Projects\\cogna-test\\backend\\dist\\auth\\controller\\auth.controller.js": {"path":"C:\\Users\\Breno\\Documents\\Projects\\cogna-test\\backend\\dist\\auth\\controller\\auth.controller.js","statementMap":{"0":{"start":{"line":2,"column":17},"end":{"line":7,"column":1}},"1":{"start":{"line":3,"column":12},"end":{"line":3,"column":28}},"2":{"start":{"line":3,"column":34},"end":{"line":3,"column":125}},"3":{"start":{"line":4,"column":4},"end":{"line":5,"column":150}},"4":{"start":{"line":4,"column":79},"end":{"line":4,"column":131}},"5":{"start":{"line":5,"column":9},"end":{"line":5,"column":150}},"6":{"start":{"line":5,"column":22},"end":{"line":5,"column":43}},"7":{"start":{"line":5,"column":58},"end":{"line":5,"column":150}},"8":{"start":{"line":5,"column":81},"end":{"line":5,"column":150}},"9":{"start":{"line":6,"column":4},"end":{"line":6,"column":66}},"10":{"start":{"line":8,"column":17},"end":{"line":10,"column":1}},"11":{"start":{"line":9,"column":4},"end":{"line":9,"column":109}},"12":{"start":{"line":9,"column":79},"end":{"line":9,"column":109}},"13":{"start":{"line":11,"column":14},"end":{"line":13,"column":1}},"14":{"start":{"line":12,"column":4},"end":{"line":12,"column":73}},"15":{"start":{"line":12,"column":36},"end":{"line":12,"column":71}},"16":{"start":{"line":14,"column":0},"end":{"line":14,"column":62}},"17":{"start":{"line":15,"column":0},"end":{"line":15,"column":32}},"18":{"start":{"line":16,"column":17},"end":{"line":16,"column":42}},"19":{"start":{"line":17,"column":18},"end":{"line":17,"column":39}},"20":{"start":{"line":18,"column":21},"end":{"line":18,"column":45}},"21":{"start":{"line":19,"column":14},"end":{"line":19,"column":31}},"22":{"start":{"line":20,"column":21},"end":{"line":37,"column":1}},"23":{"start":{"line":23,"column":8},"end":{"line":23,"column":39}},"24":{"start":{"line":26,"column":8},"end":{"line":26,"column":59}},"25":{"start":{"line":29,"column":8},"end":{"line":29,"column":68}},"26":{"start":{"line":32,"column":8},"end":{"line":32,"column":65}},"27":{"start":{"line":35,"column":8},"end":{"line":35,"column":74}},"28":{"start":{"line":38,"column":0},"end":{"line":38,"column":40}},"29":{"start":{"line":39,"column":0},"end":{"line":46,"column":44}},"30":{"start":{"line":47,"column":0},"end":{"line":54,"column":51}},"31":{"start":{"line":55,"column":0},"end":{"line":62,"column":58}},"32":{"start":{"line":63,"column":0},"end":{"line":70,"column":54}},"33":{"start":{"line":71,"column":0},"end":{"line":74,"column":19}}},"fnMap":{"0":{"name":"(anonymous_0)","decl":{"start":{"line":2,"column":46},"end":{"line":2,"column":47}},"loc":{"start":{"line":2,"column":87},"end":{"line":7,"column":1}},"line":2},"1":{"name":"(anonymous_1)","decl":{"start":{"line":8,"column":46},"end":{"line":8,"column":47}},"loc":{"start":{"line":8,"column":62},"end":{"line":10,"column":1}},"line":8},"2":{"name":"(anonymous_2)","decl":{"start":{"line":11,"column":40},"end":{"line":11,"column":41}},"loc":{"start":{"line":11,"column":73},"end":{"line":13,"column":1}},"line":11},"3":{"name":"(anonymous_3)","decl":{"start":{"line":12,"column":11},"end":{"line":12,"column":12}},"loc":{"start":{"line":12,"column":34},"end":{"line":12,"column":73}},"line":12},"4":{"name":"(anonymous_4)","decl":{"start":{"line":22,"column":4},"end":{"line":22,"column":5}},"loc":{"start":{"line":22,"column":29},"end":{"line":24,"column":5}},"line":22},"5":{"name":"(anonymous_5)","decl":{"start":{"line":25,"column":4},"end":{"line":25,"column":5}},"loc":{"start":{"line":25,"column":37},"end":{"line":27,"column":5}},"line":25},"6":{"name":"(anonymous_6)","decl":{"start":{"line":28,"column":4},"end":{"line":28,"column":5}},"loc":{"start":{"line":28,"column":40},"end":{"line":30,"column":5}},"line":28},"7":{"name":"(anonymous_7)","decl":{"start":{"line":31,"column":4},"end":{"line":31,"column":5}},"loc":{"start":{"line":31,"column":41},"end":{"line":33,"column":5}},"line":31},"8":{"name":"(anonymous_8)","decl":{"start":{"line":34,"column":4},"end":{"line":34,"column":5}},"loc":{"start":{"line":34,"column":46},"end":{"line":36,"column":5}},"line":34}},"branchMap":{"0":{"loc":{"start":{"line":2,"column":17},"end":{"line":7,"column":1}},"type":"binary-expr","locations":[{"start":{"line":2,"column":18},"end":{"line":2,"column":22}},{"start":{"line":2,"column":26},"end":{"line":2,"column":41}},{"start":{"line":2,"column":46},"end":{"line":7,"column":1}}],"line":2},"1":{"loc":{"start":{"line":3,"column":34},"end":{"line":3,"column":125}},"type":"cond-expr","locations":[{"start":{"line":3,"column":42},"end":{"line":3,"column":48}},{"start":{"line":3,"column":51},"end":{"line":3,"column":125}}],"line":3},"2":{"loc":{"start":{"line":3,"column":51},"end":{"line":3,"column":125}},"type":"cond-expr","locations":[{"start":{"line":3,"column":67},"end":{"line":3,"column":118}},{"start":{"line":3,"column":121},"end":{"line":3,"column":125}}],"line":3},"3":{"loc":{"start":{"line":4,"column":4},"end":{"line":5,"column":150}},"type":"if","locations":[{"start":{"line":4,"column":4},"end":{"line":5,"column":150}},{"start":{"line":5,"column":9},"end":{"line":5,"column":150}}],"line":4},"4":{"loc":{"start":{"line":4,"column":8},"end":{"line":4,"column":77}},"type":"binary-expr","locations":[{"start":{"line":4,"column":8},"end":{"line":4,"column":35}},{"start":{"line":4,"column":39},"end":{"line":4,"column":77}}],"line":4},"5":{"loc":{"start":{"line":5,"column":58},"end":{"line":5,"column":150}},"type":"if","locations":[{"start":{"line":5,"column":58},"end":{"line":5,"column":150}},{"start":{},"end":{}}],"line":5},"6":{"loc":{"start":{"line":5,"column":85},"end":{"line":5,"column":149}},"type":"binary-expr","locations":[{"start":{"line":5,"column":86},"end":{"line":5,"column":143}},{"start":{"line":5,"column":148},"end":{"line":5,"column":149}}],"line":5},"7":{"loc":{"start":{"line":5,"column":86},"end":{"line":5,"column":143}},"type":"cond-expr","locations":[{"start":{"line":5,"column":94},"end":{"line":5,"column":98}},{"start":{"line":5,"column":101},"end":{"line":5,"column":143}}],"line":5},"8":{"loc":{"start":{"line":5,"column":101},"end":{"line":5,"column":143}},"type":"cond-expr","locations":[{"start":{"line":5,"column":109},"end":{"line":5,"column":126}},{"start":{"line":5,"column":129},"end":{"line":5,"column":143}}],"line":5},"9":{"loc":{"start":{"line":6,"column":11},"end":{"line":6,"column":62}},"type":"binary-expr","locations":[{"start":{"line":6,"column":11},"end":{"line":6,"column":16}},{"start":{"line":6,"column":20},"end":{"line":6,"column":21}},{"start":{"line":6,"column":25},"end":{"line":6,"column":62}}],"line":6},"10":{"loc":{"start":{"line":8,"column":17},"end":{"line":10,"column":1}},"type":"binary-expr","locations":[{"start":{"line":8,"column":18},"end":{"line":8,"column":22}},{"start":{"line":8,"column":26},"end":{"line":8,"column":41}},{"start":{"line":8,"column":46},"end":{"line":10,"column":1}}],"line":8},"11":{"loc":{"start":{"line":9,"column":4},"end":{"line":9,"column":109}},"type":"if","locations":[{"start":{"line":9,"column":4},"end":{"line":9,"column":109}},{"start":{},"end":{}}],"line":9},"12":{"loc":{"start":{"line":9,"column":8},"end":{"line":9,"column":77}},"type":"binary-expr","locations":[{"start":{"line":9,"column":8},"end":{"line":9,"column":35}},{"start":{"line":9,"column":39},"end":{"line":9,"column":77}}],"line":9},"13":{"loc":{"start":{"line":11,"column":14},"end":{"line":13,"column":1}},"type":"binary-expr","locations":[{"start":{"line":11,"column":15},"end":{"line":11,"column":19}},{"start":{"line":11,"column":23},"end":{"line":11,"column":35}},{"start":{"line":11,"column":40},"end":{"line":13,"column":1}}],"line":11}},"s":{"0":0,"1":0,"2":0,"3":0,"4":0,"5":0,"6":0,"7":0,"8":0,"9":0,"10":0,"11":0,"12":0,"13":0,"14":0,"15":0,"16":0,"17":0,"18":0,"19":0,"20":0,"21":0,"22":0,"23":0,"24":0,"25":0,"26":0,"27":0,"28":0,"29":0,"30":0,"31":0,"32":0,"33":0},"f":{"0":0,"1":0,"2":0,"3":0,"4":0,"5":0,"6":0,"7":0,"8":0},"b":{"0":[0,0,0],"1":[0,0],"2":[0,0],"3":[0,0],"4":[0,0],"5":[0,0],"6":[0,0],"7":[0,0],"8":[0,0],"9":[0,0,0],"10":[0,0,0],"11":[0,0],"12":[0,0],"13":[0,0,0]}}
,"C:\\Users\\Breno\\Documents\\Projects\\cogna-test\\backend\\dist\\auth\\controller\\index.d.ts": {"path":"C:\\Users\\Breno\\Documents\\Projects\\cogna-test\\backend\\dist\\auth\\controller\\index.d.ts","statementMap":{},"fnMap":{},"branchMap":{},"s":{},"f":{},"b":{}}
,"C:\\Users\\Breno\\Documents\\Projects\\cogna-test\\backend\\dist\\auth\\controller\\index.js": {"path":"C:\\Users\\Breno\\Documents\\Projects\\cogna-test\\backend\\dist\\auth\\controller\\index.js","statementMap":{"0":{"start":{"line":2,"column":22},"end":{"line":12,"column":3}},"1":{"start":{"line":3,"column":4},"end":{"line":3,"column":33}},"2":{"start":{"line":3,"column":26},"end":{"line":3,"column":33}},"3":{"start":{"line":4,"column":15},"end":{"line":4,"column":52}},"4":{"start":{"line":5,"column":4},"end":{"line":7,"column":5}},"5":{"start":{"line":6,"column":6},"end":{"line":6,"column":68}},"6":{"start":{"line":6,"column":51},"end":{"line":6,"column":63}},"7":{"start":{"line":8,"column":4},"end":{"line":8,"column":39}},"8":{"start":{"line":10,"column":4},"end":{"line":10,"column":33}},"9":{"start":{"line":10,"column":26},"end":{"line":10,"column":33}},"10":{"start":{"line":11,"column":4},"end":{"line":11,"column":17}},"11":{"start":{"line":13,"column":19},"end":{"line":15,"column":1}},"12":{"start":{"line":14,"column":4},"end":{"line":14,"column":126}},"13":{"start":{"line":14,"column":21},"end":{"line":14,"column":126}},"14":{"start":{"line":14,"column":95},"end":{"line":14,"column":126}},"15":{"start":{"line":16,"column":0},"end":{"line":16,"column":62}},"16":{"start":{"line":17,"column":0},"end":{"line":17,"column":52}}},"fnMap":{"0":{"name":"(anonymous_0)","decl":{"start":{"line":2,"column":74},"end":{"line":2,"column":75}},"loc":{"start":{"line":2,"column":96},"end":{"line":9,"column":1}},"line":2},"1":{"name":"(anonymous_1)","decl":{"start":{"line":6,"column":38},"end":{"line":6,"column":39}},"loc":{"start":{"line":6,"column":49},"end":{"line":6,"column":65}},"line":6},"2":{"name":"(anonymous_2)","decl":{"start":{"line":9,"column":6},"end":{"line":9,"column":7}},"loc":{"start":{"line":9,"column":28},"end":{"line":12,"column":1}},"line":9},"3":{"name":"(anonymous_3)","decl":{"start":{"line":13,"column":50},"end":{"line":13,"column":51}},"loc":{"start":{"line":13,"column":71},"end":{"line":15,"column":1}},"line":13}},"branchMap":{"0":{"loc":{"start":{"line":2,"column":22},"end":{"line":12,"column":3}},"type":"binary-expr","locations":[{"start":{"line":2,"column":23},"end":{"line":2,"column":27}},{"start":{"line":2,"column":31},"end":{"line":2,"column":51}},{"start":{"line":2,"column":57},"end":{"line":12,"column":2}}],"line":2},"1":{"loc":{"start":{"line":2,"column":57},"end":{"line":12,"column":2}},"type":"cond-expr","locations":[{"start":{"line":2,"column":74},"end":{"line":9,"column":1}},{"start":{"line":9,"column":6},"end":{"line":12,"column":1}}],"line":2},"2":{"loc":{"start":{"line":3,"column":4},"end":{"line":3,"column":33}},"type":"if","locations":[{"start":{"line":3,"column":4},"end":{"line":3,"column":33}},{"start":{},"end":{}}],"line":3},"3":{"loc":{"start":{"line":5,"column":4},"end":{"line":7,"column":5}},"type":"if","locations":[{"start":{"line":5,"column":4},"end":{"line":7,"column":5}},{"start":{},"end":{}}],"line":5},"4":{"loc":{"start":{"line":5,"column":8},"end":{"line":5,"column":85}},"type":"binary-expr","locations":[{"start":{"line":5,"column":8},"end":{"line":5,"column":13}},{"start":{"line":5,"column":18},"end":{"line":5,"column":84}}],"line":5},"5":{"loc":{"start":{"line":5,"column":18},"end":{"line":5,"column":84}},"type":"cond-expr","locations":[{"start":{"line":5,"column":34},"end":{"line":5,"column":47}},{"start":{"line":5,"column":50},"end":{"line":5,"column":84}}],"line":5},"6":{"loc":{"start":{"line":5,"column":50},"end":{"line":5,"column":84}},"type":"binary-expr","locations":[{"start":{"line":5,"column":50},"end":{"line":5,"column":63}},{"start":{"line":5,"column":67},"end":{"line":5,"column":84}}],"line":5},"7":{"loc":{"start":{"line":10,"column":4},"end":{"line":10,"column":33}},"type":"if","locations":[{"start":{"line":10,"column":4},"end":{"line":10,"column":33}},{"start":{},"end":{}}],"line":10},"8":{"loc":{"start":{"line":13,"column":19},"end":{"line":15,"column":1}},"type":"binary-expr","locations":[{"start":{"line":13,"column":20},"end":{"line":13,"column":24}},{"start":{"line":13,"column":28},"end":{"line":13,"column":45}},{"start":{"line":13,"column":50},"end":{"line":15,"column":1}}],"line":13},"9":{"loc":{"start":{"line":14,"column":21},"end":{"line":14,"column":126}},"type":"if","locations":[{"start":{"line":14,"column":21},"end":{"line":14,"column":126}},{"start":{},"end":{}}],"line":14},"10":{"loc":{"start":{"line":14,"column":25},"end":{"line":14,"column":93}},"type":"binary-expr","locations":[{"start":{"line":14,"column":25},"end":{"line":14,"column":40}},{"start":{"line":14,"column":44},"end":{"line":14,"column":93}}],"line":14}},"s":{"0":0,"1":0,"2":0,"3":0,"4":0,"5":0,"6":0,"7":0,"8":0,"9":0,"10":0,"11":0,"12":0,"13":0,"14":0,"15":0,"16":0},"f":{"0":0,"1":0,"2":0,"3":0},"b":{"0":[0,0,0],"1":[0,0],"2":[0,0],"3":[0,0],"4":[0,0],"5":[0,0],"6":[0,0],"7":[0,0],"8":[0,0,0],"9":[0,0],"10":[0,0]}}
,"C:\\Users\\Breno\\Documents\\Projects\\cogna-test\\backend\\dist\\auth\\decorators\\index.d.ts": {"path":"C:\\Users\\Breno\\Documents\\Projects\\cogna-test\\backend\\dist\\auth\\decorators\\index.d.ts","statementMap":{},"fnMap":{},"branchMap":{},"s":{},"f":{},"b":{}}
,"C:\\Users\\Breno\\Documents\\Projects\\cogna-test\\backend\\dist\\auth\\decorators\\index.js": {"path":"C:\\Users\\Breno\\Documents\\Projects\\cogna-test\\backend\\dist\\auth\\decorators\\index.js","statementMap":{"0":{"start":{"line":2,"column":22},"end":{"line":12,"column":3}},"1":{"start":{"line":3,"column":4},"end":{"line":3,"column":33}},"2":{"start":{"line":3,"column":26},"end":{"line":3,"column":33}},"3":{"start":{"line":4,"column":15},"end":{"line":4,"column":52}},"4":{"start":{"line":5,"column":4},"end":{"line":7,"column":5}},"5":{"start":{"line":6,"column":6},"end":{"line":6,"column":68}},"6":{"start":{"line":6,"column":51},"end":{"line":6,"column":63}},"7":{"start":{"line":8,"column":4},"end":{"line":8,"column":39}},"8":{"start":{"line":10,"column":4},"end":{"line":10,"column":33}},"9":{"start":{"line":10,"column":26},"end":{"line":10,"column":33}},"10":{"start":{"line":11,"column":4},"end":{"line":11,"column":17}},"11":{"start":{"line":13,"column":19},"end":{"line":15,"column":1}},"12":{"start":{"line":14,"column":4},"end":{"line":14,"column":126}},"13":{"start":{"line":14,"column":21},"end":{"line":14,"column":126}},"14":{"start":{"line":14,"column":95},"end":{"line":14,"column":126}},"15":{"start":{"line":16,"column":0},"end":{"line":16,"column":62}},"16":{"start":{"line":17,"column":0},"end":{"line":17,"column":53}},"17":{"start":{"line":18,"column":0},"end":{"line":18,"column":52}}},"fnMap":{"0":{"name":"(anonymous_0)","decl":{"start":{"line":2,"column":74},"end":{"line":2,"column":75}},"loc":{"start":{"line":2,"column":96},"end":{"line":9,"column":1}},"line":2},"1":{"name":"(anonymous_1)","decl":{"start":{"line":6,"column":38},"end":{"line":6,"column":39}},"loc":{"start":{"line":6,"column":49},"end":{"line":6,"column":65}},"line":6},"2":{"name":"(anonymous_2)","decl":{"start":{"line":9,"column":6},"end":{"line":9,"column":7}},"loc":{"start":{"line":9,"column":28},"end":{"line":12,"column":1}},"line":9},"3":{"name":"(anonymous_3)","decl":{"start":{"line":13,"column":50},"end":{"line":13,"column":51}},"loc":{"start":{"line":13,"column":71},"end":{"line":15,"column":1}},"line":13}},"branchMap":{"0":{"loc":{"start":{"line":2,"column":22},"end":{"line":12,"column":3}},"type":"binary-expr","locations":[{"start":{"line":2,"column":23},"end":{"line":2,"column":27}},{"start":{"line":2,"column":31},"end":{"line":2,"column":51}},{"start":{"line":2,"column":57},"end":{"line":12,"column":2}}],"line":2},"1":{"loc":{"start":{"line":2,"column":57},"end":{"line":12,"column":2}},"type":"cond-expr","locations":[{"start":{"line":2,"column":74},"end":{"line":9,"column":1}},{"start":{"line":9,"column":6},"end":{"line":12,"column":1}}],"line":2},"2":{"loc":{"start":{"line":3,"column":4},"end":{"line":3,"column":33}},"type":"if","locations":[{"start":{"line":3,"column":4},"end":{"line":3,"column":33}},{"start":{},"end":{}}],"line":3},"3":{"loc":{"start":{"line":5,"column":4},"end":{"line":7,"column":5}},"type":"if","locations":[{"start":{"line":5,"column":4},"end":{"line":7,"column":5}},{"start":{},"end":{}}],"line":5},"4":{"loc":{"start":{"line":5,"column":8},"end":{"line":5,"column":85}},"type":"binary-expr","locations":[{"start":{"line":5,"column":8},"end":{"line":5,"column":13}},{"start":{"line":5,"column":18},"end":{"line":5,"column":84}}],"line":5},"5":{"loc":{"start":{"line":5,"column":18},"end":{"line":5,"column":84}},"type":"cond-expr","locations":[{"start":{"line":5,"column":34},"end":{"line":5,"column":47}},{"start":{"line":5,"column":50},"end":{"line":5,"column":84}}],"line":5},"6":{"loc":{"start":{"line":5,"column":50},"end":{"line":5,"column":84}},"type":"binary-expr","locations":[{"start":{"line":5,"column":50},"end":{"line":5,"column":63}},{"start":{"line":5,"column":67},"end":{"line":5,"column":84}}],"line":5},"7":{"loc":{"start":{"line":10,"column":4},"end":{"line":10,"column":33}},"type":"if","locations":[{"start":{"line":10,"column":4},"end":{"line":10,"column":33}},{"start":{},"end":{}}],"line":10},"8":{"loc":{"start":{"line":13,"column":19},"end":{"line":15,"column":1}},"type":"binary-expr","locations":[{"start":{"line":13,"column":20},"end":{"line":13,"column":24}},{"start":{"line":13,"column":28},"end":{"line":13,"column":45}},{"start":{"line":13,"column":50},"end":{"line":15,"column":1}}],"line":13},"9":{"loc":{"start":{"line":14,"column":21},"end":{"line":14,"column":126}},"type":"if","locations":[{"start":{"line":14,"column":21},"end":{"line":14,"column":126}},{"start":{},"end":{}}],"line":14},"10":{"loc":{"start":{"line":14,"column":25},"end":{"line":14,"column":93}},"type":"binary-expr","locations":[{"start":{"line":14,"column":25},"end":{"line":14,"column":40}},{"start":{"line":14,"column":44},"end":{"line":14,"column":93}}],"line":14}},"s":{"0":0,"1":0,"2":0,"3":0,"4":0,"5":0,"6":0,"7":0,"8":0,"9":0,"10":0,"11":0,"12":0,"13":0,"14":0,"15":0,"16":0,"17":0},"f":{"0":0,"1":0,"2":0,"3":0},"b":{"0":[0,0,0],"1":[0,0],"2":[0,0],"3":[0,0],"4":[0,0],"5":[0,0],"6":[0,0],"7":[0,0],"8":[0,0,0],"9":[0,0],"10":[0,0]}}
,"C:\\Users\\Breno\\Documents\\Projects\\cogna-test\\backend\\dist\\auth\\decorators\\public.decorator.d.ts": {"path":"C:\\Users\\Breno\\Documents\\Projects\\cogna-test\\backend\\dist\\auth\\decorators\\public.decorator.d.ts","statementMap":{},"fnMap":{},"branchMap":{},"s":{},"f":{},"b":{}}
,"C:\\Users\\Breno\\Documents\\Projects\\cogna-test\\backend\\dist\\auth\\decorators\\public.decorator.js": {"path":"C:\\Users\\Breno\\Documents\\Projects\\cogna-test\\backend\\dist\\auth\\decorators\\public.decorator.js","statementMap":{"0":{"start":{"line":2,"column":0},"end":{"line":2,"column":62}},"1":{"start":{"line":3,"column":0},"end":{"line":3,"column":48}},"2":{"start":{"line":4,"column":17},"end":{"line":4,"column":42}},"3":{"start":{"line":5,"column":0},"end":{"line":5,"column":35}},"4":{"start":{"line":6,"column":15},"end":{"line":6,"column":75}},"5":{"start":{"line":6,"column":21},"end":{"line":6,"column":75}},"6":{"start":{"line":7,"column":0},"end":{"line":7,"column":24}}},"fnMap":{"0":{"name":"(anonymous_0)","decl":{"start":{"line":6,"column":15},"end":{"line":6,"column":16}},"loc":{"start":{"line":6,"column":21},"end":{"line":6,"column":75}},"line":6}},"branchMap":{},"s":{"0":0,"1":0,"2":0,"3":0,"4":0,"5":0,"6":0},"f":{"0":0},"b":{}}
,"C:\\Users\\Breno\\Documents\\Projects\\cogna-test\\backend\\dist\\auth\\decorators\\roles.decorator.d.ts": {"path":"C:\\Users\\Breno\\Documents\\Projects\\cogna-test\\backend\\dist\\auth\\decorators\\roles.decorator.d.ts","statementMap":{},"fnMap":{},"branchMap":{},"s":{},"f":{},"b":{}}
,"C:\\Users\\Breno\\Documents\\Projects\\cogna-test\\backend\\dist\\auth\\decorators\\roles.decorator.js": {"path":"C:\\Users\\Breno\\Documents\\Projects\\cogna-test\\backend\\dist\\auth\\decorators\\roles.decorator.js","statementMap":{"0":{"start":{"line":2,"column":0},"end":{"line":2,"column":62}},"1":{"start":{"line":3,"column":0},"end":{"line":3,"column":43}},"2":{"start":{"line":4,"column":17},"end":{"line":4,"column":42}},"3":{"start":{"line":5,"column":0},"end":{"line":5,"column":28}},"4":{"start":{"line":6,"column":14},"end":{"line":6,"column":79}},"5":{"start":{"line":6,"column":28},"end":{"line":6,"column":79}},"6":{"start":{"line":7,"column":0},"end":{"line":7,"column":22}}},"fnMap":{"0":{"name":"(anonymous_0)","decl":{"start":{"line":6,"column":14},"end":{"line":6,"column":15}},"loc":{"start":{"line":6,"column":28},"end":{"line":6,"column":79}},"line":6}},"branchMap":{},"s":{"0":0,"1":0,"2":0,"3":0,"4":0,"5":0,"6":0},"f":{"0":0},"b":{}}
,"C:\\Users\\Breno\\Documents\\Projects\\cogna-test\\backend\\dist\\auth\\dto\\index.d.ts": {"path":"C:\\Users\\Breno\\Documents\\Projects\\cogna-test\\backend\\dist\\auth\\dto\\index.d.ts","statementMap":{},"fnMap":{},"branchMap":{},"s":{},"f":{},"b":{}}
,"C:\\Users\\Breno\\Documents\\Projects\\cogna-test\\backend\\dist\\auth\\dto\\index.js": {"path":"C:\\Users\\Breno\\Documents\\Projects\\cogna-test\\backend\\dist\\auth\\dto\\index.js","statementMap":{"0":{"start":{"line":2,"column":22},"end":{"line":12,"column":3}},"1":{"start":{"line":3,"column":4},"end":{"line":3,"column":33}},"2":{"start":{"line":3,"column":26},"end":{"line":3,"column":33}},"3":{"start":{"line":4,"column":15},"end":{"line":4,"column":52}},"4":{"start":{"line":5,"column":4},"end":{"line":7,"column":5}},"5":{"start":{"line":6,"column":6},"end":{"line":6,"column":68}},"6":{"start":{"line":6,"column":51},"end":{"line":6,"column":63}},"7":{"start":{"line":8,"column":4},"end":{"line":8,"column":39}},"8":{"start":{"line":10,"column":4},"end":{"line":10,"column":33}},"9":{"start":{"line":10,"column":26},"end":{"line":10,"column":33}},"10":{"start":{"line":11,"column":4},"end":{"line":11,"column":17}},"11":{"start":{"line":13,"column":19},"end":{"line":15,"column":1}},"12":{"start":{"line":14,"column":4},"end":{"line":14,"column":126}},"13":{"start":{"line":14,"column":21},"end":{"line":14,"column":126}},"14":{"start":{"line":14,"column":95},"end":{"line":14,"column":126}},"15":{"start":{"line":16,"column":0},"end":{"line":16,"column":62}},"16":{"start":{"line":17,"column":0},"end":{"line":17,"column":46}},"17":{"start":{"line":18,"column":0},"end":{"line":18,"column":57}},"18":{"start":{"line":19,"column":0},"end":{"line":19,"column":54}},"19":{"start":{"line":20,"column":0},"end":{"line":20,"column":68}}},"fnMap":{"0":{"name":"(anonymous_0)","decl":{"start":{"line":2,"column":74},"end":{"line":2,"column":75}},"loc":{"start":{"line":2,"column":96},"end":{"line":9,"column":1}},"line":2},"1":{"name":"(anonymous_1)","decl":{"start":{"line":6,"column":38},"end":{"line":6,"column":39}},"loc":{"start":{"line":6,"column":49},"end":{"line":6,"column":65}},"line":6},"2":{"name":"(anonymous_2)","decl":{"start":{"line":9,"column":6},"end":{"line":9,"column":7}},"loc":{"start":{"line":9,"column":28},"end":{"line":12,"column":1}},"line":9},"3":{"name":"(anonymous_3)","decl":{"start":{"line":13,"column":50},"end":{"line":13,"column":51}},"loc":{"start":{"line":13,"column":71},"end":{"line":15,"column":1}},"line":13}},"branchMap":{"0":{"loc":{"start":{"line":2,"column":22},"end":{"line":12,"column":3}},"type":"binary-expr","locations":[{"start":{"line":2,"column":23},"end":{"line":2,"column":27}},{"start":{"line":2,"column":31},"end":{"line":2,"column":51}},{"start":{"line":2,"column":57},"end":{"line":12,"column":2}}],"line":2},"1":{"loc":{"start":{"line":2,"column":57},"end":{"line":12,"column":2}},"type":"cond-expr","locations":[{"start":{"line":2,"column":74},"end":{"line":9,"column":1}},{"start":{"line":9,"column":6},"end":{"line":12,"column":1}}],"line":2},"2":{"loc":{"start":{"line":3,"column":4},"end":{"line":3,"column":33}},"type":"if","locations":[{"start":{"line":3,"column":4},"end":{"line":3,"column":33}},{"start":{},"end":{}}],"line":3},"3":{"loc":{"start":{"line":5,"column":4},"end":{"line":7,"column":5}},"type":"if","locations":[{"start":{"line":5,"column":4},"end":{"line":7,"column":5}},{"start":{},"end":{}}],"line":5},"4":{"loc":{"start":{"line":5,"column":8},"end":{"line":5,"column":85}},"type":"binary-expr","locations":[{"start":{"line":5,"column":8},"end":{"line":5,"column":13}},{"start":{"line":5,"column":18},"end":{"line":5,"column":84}}],"line":5},"5":{"loc":{"start":{"line":5,"column":18},"end":{"line":5,"column":84}},"type":"cond-expr","locations":[{"start":{"line":5,"column":34},"end":{"line":5,"column":47}},{"start":{"line":5,"column":50},"end":{"line":5,"column":84}}],"line":5},"6":{"loc":{"start":{"line":5,"column":50},"end":{"line":5,"column":84}},"type":"binary-expr","locations":[{"start":{"line":5,"column":50},"end":{"line":5,"column":63}},{"start":{"line":5,"column":67},"end":{"line":5,"column":84}}],"line":5},"7":{"loc":{"start":{"line":10,"column":4},"end":{"line":10,"column":33}},"type":"if","locations":[{"start":{"line":10,"column":4},"end":{"line":10,"column":33}},{"start":{},"end":{}}],"line":10},"8":{"loc":{"start":{"line":13,"column":19},"end":{"line":15,"column":1}},"type":"binary-expr","locations":[{"start":{"line":13,"column":20},"end":{"line":13,"column":24}},{"start":{"line":13,"column":28},"end":{"line":13,"column":45}},{"start":{"line":13,"column":50},"end":{"line":15,"column":1}}],"line":13},"9":{"loc":{"start":{"line":14,"column":21},"end":{"line":14,"column":126}},"type":"if","locations":[{"start":{"line":14,"column":21},"end":{"line":14,"column":126}},{"start":{},"end":{}}],"line":14},"10":{"loc":{"start":{"line":14,"column":25},"end":{"line":14,"column":93}},"type":"binary-expr","locations":[{"start":{"line":14,"column":25},"end":{"line":14,"column":40}},{"start":{"line":14,"column":44},"end":{"line":14,"column":93}}],"line":14}},"s":{"0":0,"1":0,"2":0,"3":0,"4":0,"5":0,"6":0,"7":0,"8":0,"9":0,"10":0,"11":0,"12":0,"13":0,"14":0,"15":0,"16":0,"17":0,"18":0,"19":0},"f":{"0":0,"1":0,"2":0,"3":0},"b":{"0":[0,0,0],"1":[0,0],"2":[0,0],"3":[0,0],"4":[0,0],"5":[0,0],"6":[0,0],"7":[0,0],"8":[0,0,0],"9":[0,0],"10":[0,0]}}
,"C:\\Users\\Breno\\Documents\\Projects\\cogna-test\\backend\\dist\\auth\\dto\\login.dto.d.ts": {"path":"C:\\Users\\Breno\\Documents\\Projects\\cogna-test\\backend\\dist\\auth\\dto\\login.dto.d.ts","statementMap":{},"fnMap":{},"branchMap":{},"s":{},"f":{},"b":{}}
,"C:\\Users\\Breno\\Documents\\Projects\\cogna-test\\backend\\dist\\auth\\dto\\login.dto.js": {"path":"C:\\Users\\Breno\\Documents\\Projects\\cogna-test\\backend\\dist\\auth\\dto\\login.dto.js","statementMap":{"0":{"start":{"line":2,"column":17},"end":{"line":7,"column":1}},"1":{"start":{"line":3,"column":12},"end":{"line":3,"column":28}},"2":{"start":{"line":3,"column":34},"end":{"line":3,"column":125}},"3":{"start":{"line":4,"column":4},"end":{"line":5,"column":150}},"4":{"start":{"line":4,"column":79},"end":{"line":4,"column":131}},"5":{"start":{"line":5,"column":9},"end":{"line":5,"column":150}},"6":{"start":{"line":5,"column":22},"end":{"line":5,"column":43}},"7":{"start":{"line":5,"column":58},"end":{"line":5,"column":150}},"8":{"start":{"line":5,"column":81},"end":{"line":5,"column":150}},"9":{"start":{"line":6,"column":4},"end":{"line":6,"column":66}},"10":{"start":{"line":8,"column":17},"end":{"line":10,"column":1}},"11":{"start":{"line":9,"column":4},"end":{"line":9,"column":109}},"12":{"start":{"line":9,"column":79},"end":{"line":9,"column":109}},"13":{"start":{"line":11,"column":0},"end":{"line":11,"column":62}},"14":{"start":{"line":12,"column":0},"end":{"line":12,"column":37}},"15":{"start":{"line":13,"column":26},"end":{"line":13,"column":52}},"16":{"start":{"line":18,"column":0},"end":{"line":18,"column":50}},"17":{"start":{"line":19,"column":0},"end":{"line":22,"column":51}},"18":{"start":{"line":23,"column":0},"end":{"line":26,"column":54}}},"fnMap":{"0":{"name":"(anonymous_0)","decl":{"start":{"line":2,"column":46},"end":{"line":2,"column":47}},"loc":{"start":{"line":2,"column":87},"end":{"line":7,"column":1}},"line":2},"1":{"name":"(anonymous_1)","decl":{"start":{"line":8,"column":46},"end":{"line":8,"column":47}},"loc":{"start":{"line":8,"column":62},"end":{"line":10,"column":1}},"line":8}},"branchMap":{"0":{"loc":{"start":{"line":2,"column":17},"end":{"line":7,"column":1}},"type":"binary-expr","locations":[{"start":{"line":2,"column":18},"end":{"line":2,"column":22}},{"start":{"line":2,"column":26},"end":{"line":2,"column":41}},{"start":{"line":2,"column":46},"end":{"line":7,"column":1}}],"line":2},"1":{"loc":{"start":{"line":3,"column":34},"end":{"line":3,"column":125}},"type":"cond-expr","locations":[{"start":{"line":3,"column":42},"end":{"line":3,"column":48}},{"start":{"line":3,"column":51},"end":{"line":3,"column":125}}],"line":3},"2":{"loc":{"start":{"line":3,"column":51},"end":{"line":3,"column":125}},"type":"cond-expr","locations":[{"start":{"line":3,"column":67},"end":{"line":3,"column":118}},{"start":{"line":3,"column":121},"end":{"line":3,"column":125}}],"line":3},"3":{"loc":{"start":{"line":4,"column":4},"end":{"line":5,"column":150}},"type":"if","locations":[{"start":{"line":4,"column":4},"end":{"line":5,"column":150}},{"start":{"line":5,"column":9},"end":{"line":5,"column":150}}],"line":4},"4":{"loc":{"start":{"line":4,"column":8},"end":{"line":4,"column":77}},"type":"binary-expr","locations":[{"start":{"line":4,"column":8},"end":{"line":4,"column":35}},{"start":{"line":4,"column":39},"end":{"line":4,"column":77}}],"line":4},"5":{"loc":{"start":{"line":5,"column":58},"end":{"line":5,"column":150}},"type":"if","locations":[{"start":{"line":5,"column":58},"end":{"line":5,"column":150}},{"start":{},"end":{}}],"line":5},"6":{"loc":{"start":{"line":5,"column":85},"end":{"line":5,"column":149}},"type":"binary-expr","locations":[{"start":{"line":5,"column":86},"end":{"line":5,"column":143}},{"start":{"line":5,"column":148},"end":{"line":5,"column":149}}],"line":5},"7":{"loc":{"start":{"line":5,"column":86},"end":{"line":5,"column":143}},"type":"cond-expr","locations":[{"start":{"line":5,"column":94},"end":{"line":5,"column":98}},{"start":{"line":5,"column":101},"end":{"line":5,"column":143}}],"line":5},"8":{"loc":{"start":{"line":5,"column":101},"end":{"line":5,"column":143}},"type":"cond-expr","locations":[{"start":{"line":5,"column":109},"end":{"line":5,"column":126}},{"start":{"line":5,"column":129},"end":{"line":5,"column":143}}],"line":5},"9":{"loc":{"start":{"line":6,"column":11},"end":{"line":6,"column":62}},"type":"binary-expr","locations":[{"start":{"line":6,"column":11},"end":{"line":6,"column":16}},{"start":{"line":6,"column":20},"end":{"line":6,"column":21}},{"start":{"line":6,"column":25},"end":{"line":6,"column":62}}],"line":6},"10":{"loc":{"start":{"line":8,"column":17},"end":{"line":10,"column":1}},"type":"binary-expr","locations":[{"start":{"line":8,"column":18},"end":{"line":8,"column":22}},{"start":{"line":8,"column":26},"end":{"line":8,"column":41}},{"start":{"line":8,"column":46},"end":{"line":10,"column":1}}],"line":8},"11":{"loc":{"start":{"line":9,"column":4},"end":{"line":9,"column":109}},"type":"if","locations":[{"start":{"line":9,"column":4},"end":{"line":9,"column":109}},{"start":{},"end":{}}],"line":9},"12":{"loc":{"start":{"line":9,"column":8},"end":{"line":9,"column":77}},"type":"binary-expr","locations":[{"start":{"line":9,"column":8},"end":{"line":9,"column":35}},{"start":{"line":9,"column":39},"end":{"line":9,"column":77}}],"line":9}},"s":{"0":0,"1":0,"2":0,"3":0,"4":0,"5":0,"6":0,"7":0,"8":0,"9":0,"10":0,"11":0,"12":0,"13":0,"14":0,"15":0,"16":0,"17":0,"18":0},"f":{"0":0,"1":0},"b":{"0":[0,0,0],"1":[0,0],"2":[0,0],"3":[0,0],"4":[0,0],"5":[0,0],"6":[0,0],"7":[0,0],"8":[0,0],"9":[0,0,0],"10":[0,0,0],"11":[0,0],"12":[0,0]}}
,"C:\\Users\\Breno\\Documents\\Projects\\cogna-test\\backend\\dist\\auth\\dto\\recover-password.dto.d.ts": {"path":"C:\\Users\\Breno\\Documents\\Projects\\cogna-test\\backend\\dist\\auth\\dto\\recover-password.dto.d.ts","statementMap":{},"fnMap":{},"branchMap":{},"s":{},"f":{},"b":{}}
,"C:\\Users\\Breno\\Documents\\Projects\\cogna-test\\backend\\dist\\auth\\dto\\recover-password.dto.js": {"path":"C:\\Users\\Breno\\Documents\\Projects\\cogna-test\\backend\\dist\\auth\\dto\\recover-password.dto.js","statementMap":{"0":{"start":{"line":2,"column":17},"end":{"line":7,"column":1}},"1":{"start":{"line":3,"column":12},"end":{"line":3,"column":28}},"2":{"start":{"line":3,"column":34},"end":{"line":3,"column":125}},"3":{"start":{"line":4,"column":4},"end":{"line":5,"column":150}},"4":{"start":{"line":4,"column":79},"end":{"line":4,"column":131}},"5":{"start":{"line":5,"column":9},"end":{"line":5,"column":150}},"6":{"start":{"line":5,"column":22},"end":{"line":5,"column":43}},"7":{"start":{"line":5,"column":58},"end":{"line":5,"column":150}},"8":{"start":{"line":5,"column":81},"end":{"line":5,"column":150}},"9":{"start":{"line":6,"column":4},"end":{"line":6,"column":66}},"10":{"start":{"line":8,"column":17},"end":{"line":10,"column":1}},"11":{"start":{"line":9,"column":4},"end":{"line":9,"column":109}},"12":{"start":{"line":9,"column":79},"end":{"line":9,"column":109}},"13":{"start":{"line":11,"column":0},"end":{"line":11,"column":62}},"14":{"start":{"line":12,"column":0},"end":{"line":12,"column":36}},"15":{"start":{"line":13,"column":26},"end":{"line":13,"column":52}},"16":{"start":{"line":14,"column":21},"end":{"line":14,"column":56}},"17":{"start":{"line":20,"column":0},"end":{"line":20,"column":48}},"18":{"start":{"line":21,"column":0},"end":{"line":24,"column":50}},"19":{"start":{"line":25,"column":0},"end":{"line":29,"column":49}},"20":{"start":{"line":30,"column":0},"end":{"line":34,"column":53}}},"fnMap":{"0":{"name":"(anonymous_0)","decl":{"start":{"line":2,"column":46},"end":{"line":2,"column":47}},"loc":{"start":{"line":2,"column":87},"end":{"line":7,"column":1}},"line":2},"1":{"name":"(anonymous_1)","decl":{"start":{"line":8,"column":46},"end":{"line":8,"column":47}},"loc":{"start":{"line":8,"column":62},"end":{"line":10,"column":1}},"line":8}},"branchMap":{"0":{"loc":{"start":{"line":2,"column":17},"end":{"line":7,"column":1}},"type":"binary-expr","locations":[{"start":{"line":2,"column":18},"end":{"line":2,"column":22}},{"start":{"line":2,"column":26},"end":{"line":2,"column":41}},{"start":{"line":2,"column":46},"end":{"line":7,"column":1}}],"line":2},"1":{"loc":{"start":{"line":3,"column":34},"end":{"line":3,"column":125}},"type":"cond-expr","locations":[{"start":{"line":3,"column":42},"end":{"line":3,"column":48}},{"start":{"line":3,"column":51},"end":{"line":3,"column":125}}],"line":3},"2":{"loc":{"start":{"line":3,"column":51},"end":{"line":3,"column":125}},"type":"cond-expr","locations":[{"start":{"line":3,"column":67},"end":{"line":3,"column":118}},{"start":{"line":3,"column":121},"end":{"line":3,"column":125}}],"line":3},"3":{"loc":{"start":{"line":4,"column":4},"end":{"line":5,"column":150}},"type":"if","locations":[{"start":{"line":4,"column":4},"end":{"line":5,"column":150}},{"start":{"line":5,"column":9},"end":{"line":5,"column":150}}],"line":4},"4":{"loc":{"start":{"line":4,"column":8},"end":{"line":4,"column":77}},"type":"binary-expr","locations":[{"start":{"line":4,"column":8},"end":{"line":4,"column":35}},{"start":{"line":4,"column":39},"end":{"line":4,"column":77}}],"line":4},"5":{"loc":{"start":{"line":5,"column":58},"end":{"line":5,"column":150}},"type":"if","locations":[{"start":{"line":5,"column":58},"end":{"line":5,"column":150}},{"start":{},"end":{}}],"line":5},"6":{"loc":{"start":{"line":5,"column":85},"end":{"line":5,"column":149}},"type":"binary-expr","locations":[{"start":{"line":5,"column":86},"end":{"line":5,"column":143}},{"start":{"line":5,"column":148},"end":{"line":5,"column":149}}],"line":5},"7":{"loc":{"start":{"line":5,"column":86},"end":{"line":5,"column":143}},"type":"cond-expr","locations":[{"start":{"line":5,"column":94},"end":{"line":5,"column":98}},{"start":{"line":5,"column":101},"end":{"line":5,"column":143}}],"line":5},"8":{"loc":{"start":{"line":5,"column":101},"end":{"line":5,"column":143}},"type":"cond-expr","locations":[{"start":{"line":5,"column":109},"end":{"line":5,"column":126}},{"start":{"line":5,"column":129},"end":{"line":5,"column
[...]
,"C:\\Users\\Breno\\Documents\\Projects\\cogna-test\\backend\\src\\product\\dto\\index.ts": {"path":"C:\\Users\\Breno\\Documents\\Projects\\cogna-test\\backend\\src\\product\\dto\\index.ts","statementMap":{"0":{"start":{"line":1,"column":0},"end":{"line":1,"column":37}},"1":{"start":{"line":2,"column":0},"end":{"line":2,"column":43}},"2":{"start":{"line":3,"column":0},"end":{"line":3,"column":37}}},"fnMap":{},"branchMap":{},"s":{"0":0,"1":0,"2":0},"f":{},"b":{}}
,"C:\\Users\\Breno\\Documents\\Projects\\cogna-test\\backend\\src\\product\\dto\\update-product-stock.dto.ts": {"path":"C:\\Users\\Breno\\Documents\\Projects\\cogna-test\\backend\\src\\product\\dto\\update-product-stock.dto.ts","statementMap":{"0":{"start":{"line":1,"column":0},"end":{"line":1,"column":43}},"1":{"start":{"line":2,"column":0},"end":{"line":2,"column":56}},"2":{"start":{"line":4,"column":0},"end":{"line":4,"column":13}}},"fnMap":{},"branchMap":{},"s":{"0":0,"1":0,"2":0},"f":{},"b":{}}
,"C:\\Users\\Breno\\Documents\\Projects\\cogna-test\\backend\\src\\product\\dto\\update-product.dto.ts": {"path":"C:\\Users\\Breno\\Documents\\Projects\\cogna-test\\backend\\src\\product\\dto\\update-product.dto.ts","statementMap":{"0":{"start":{"line":1,"column":0},"end":{"line":1,"column":46}},"1":{"start":{"line":2,"column":0},"end":{"line":2,"column":56}},"2":{"start":{"line":4,"column":0},"end":{"line":4,"column":13}}},"fnMap":{},"branchMap":{},"s":{"0":0,"1":0,"2":0},"f":{},"b":{}}
,"C:\\Users\\Breno\\Documents\\Projects\\cogna-test\\backend\\src\\product\\repository\\index.ts": {"path":"C:\\Users\\Breno\\Documents\\Projects\\cogna-test\\backend\\src\\product\\repository\\index.ts","statementMap":{"0":{"start":{"line":1,"column":0},"end":{"line":1,"column":37}},"1":{"start":{"line":2,"column":0},"end":{"line":2,"column":47}}},"fnMap":{},"branchMap":{},"s":{"0":1,"1":1},"f":{},"b":{}}
,"C:\\Users\\Breno\\Documents\\Projects\\cogna-test\\backend\\src\\product\\repository\\product.repository.ts": {"path":"C:\\Users\\Breno\\Documents\\Projects\\cogna-test\\backend\\src\\product\\repository\\product.repository.ts","statementMap":{"0":{"start":{"line":1,"column":0},"end":{"line":1,"column":44}},"1":{"start":{"line":3,"column":0},"end":{"line":3,"column":55}},"2":{"start":{"line":8,"column":7},"end":{"line":48,"column":null}},"3":{"start":{"line":9,"column":31},"end":{"line":9,"column":41}},"4":{"start":{"line":12,"column":4},"end":{"line":12,"column":44}},"5":{"start":{"line":16,"column":4},"end":{"line":18,"column":7}},"6":{"start":{"line":22,"column":4},"end":{"line":24,"column":7}},"7":{"start":{"line":31,"column":4},"end":{"line":36,"column":7}},"8":{"start":{"line":43,"column":4},"end":{"line":46,"column":7}},"9":{"start":{"line":8,"column":13},"end":{"line":8,"column":30}},"10":{"start":{"line":8,"column":13},"end":{"line":48,"column":null}}},"fnMap":{"0":{"name":"(anonymous_2)","decl":{"start":{"line":9,"column":2},"end":{"line":9,"column":31}},"loc":{"start":{"line":9,"column":56},"end":{"line":9,"column":60}}},"1":{"name":"(anonymous_3)","decl":{"start":{"line":11,"column":2},"end":{"line":11,"column":16}},"loc":{"start":{"line":11,"column":16},"end":{"line":13,"column":3}}},"2":{"name":"(anonymous_4)","decl":{"start":{"line":15,"column":2},"end":{"line":15,"column":16}},"loc":{"start":{"line":15,"column":34},"end":{"line":19,"column":3}}},"3":{"name":"(anonymous_5)","decl":{"start":{"line":21,"column":2},"end":{"line":21,"column":15}},"loc":{"start":{"line":21,"column":38},"end":{"line":25,"column":3}}},"4":{"name":"(anonymous_6)","decl":{"start":{"line":27,"column":2},"end":{"line":27,"column":31}},"loc":{"start":{"line":29,"column":36},"end":{"line":37,"column":3}}},"5":{"name":"(anonymous_7)","decl":{"start":{"line":39,"column":2},"end":{"line":39,"column":19}},"loc":{"start":{"line":41,"column":35},"end":{"line":47,"column":3}}}},"branchMap":{},"s":{"0":1,"1":1,"2":1,"3":0,"4":0,"5":0,"6":0,"7":0,"8":0,"9":1,"10":1},"f":{"0":0,"1":0,"2":0,"3":0,"4":0,"5":0},"b":{}}
,"C:\\Users\\Breno\\Documents\\Projects\\cogna-test\\backend\\src\\product\\service\\index.ts": {"path":"C:\\Users\\Breno\\Documents\\Projects\\cogna-test\\backend\\src\\product\\service\\index.ts","statementMap":{"0":{"start":{"line":1,"column":0},"end":{"line":1,"column":34}},"1":{"start":{"line":2,"column":0},"end":{"line":2,"column":44}}},"fnMap":{},"branchMap":{},"s":{"0":0,"1":0},"f":{},"b":{}}
,"C:\\Users\\Breno\\Documents\\Projects\\cogna-test\\backend\\src\\product\\service\\product.service.ts": {"path":"C:\\Users\\Breno\\Documents\\Projects\\cogna-test\\backend\\src\\product\\service\\product.service.ts","statementMap":{"0":{"start":{"line":1,"column":0},"end":{"line":1,"column":44}},"1":{"start":{"line":3,"column":0},"end":{"line":3,"column":59}},"2":{"start":{"line":12,"column":7},"end":{"line":43,"column":null}},"3":{"start":{"line":13,"column":31},"end":{"line":13,"column":50}},"4":{"start":{"line":16,"column":4},"end":{"line":16,"column":57}},"5":{"start":{"line":20,"column":4},"end":{"line":20,"column":59}},"6":{"start":{"line":24,"column":4},"end":{"line":24,"column":72}},"7":{"start":{"line":31,"column":4},"end":{"line":34,"column":6}},"8":{"start":{"line":41,"column":4},"end":{"line":41,"column":80}},"9":{"start":{"line":12,"column":13},"end":{"line":12,"column":27}},"10":{"start":{"line":12,"column":13},"end":{"line":43,"column":null}}},"fnMap":{"0":{"name":"(anonymous_2)","decl":{"start":{"line":13,"column":2},"end":{"line":13,"column":31}},"loc":{"start":{"line":13,"column":67},"end":{"line":13,"column":71}}},"1":{"name":"(anonymous_3)","decl":{"start":{"line":15,"column":2},"end":{"line":15,"column":7}},"loc":{"start":{"line":15,"column":22},"end":{"line":17,"column":3}}},"2":{"name":"(anonymous_4)","decl":{"start":{"line":19,"column":2},"end":{"line":19,"column":7}},"loc":{"start":{"line":19,"column":40},"end":{"line":21,"column":3}}},"3":{"name":"(anonymous_5)","decl":{"start":{"line":23,"column":2},"end":{"line":23,"column":7}},"loc":{"start":{"line":23,"column":56},"end":{"line":25,"column":3}}},"4":{"name":"(anonymous_6)","decl":{"start":{"line":27,"column":2},"end":{"line":27,"column":7}},"loc":{"start":{"line":29,"column":48},"end":{"line":35,"column":3}}},"5":{"name":"(anonymous_7)","decl":{"start":{"line":37,"column":2},"end":{"line":37,"column":7}},"loc":{"start":{"line":39,"column":38},"end":{"line":42,"column":3}}}},"branchMap":{},"s":{"0":1,"1":1,"2":1,"3":9,"4":1,"5":2,"6":1,"7":2,"8":2,"9":1,"10":1},"f":{"0":9,"1":1,"2":2,"3":1,"4":2,"5":2},"b":{}}
,"C:\\Users\\Breno\\Documents\\Projects\\cogna-test\\backend\\src\\product\\test\\service\\index.ts": {"path":"C:\\Users\\Breno\\Documents\\Projects\\cogna-test\\backend\\src\\product\\test\\service\\index.ts","statementMap":{"0":{"start":{"line":1,"column":0},"end":{"line":1,"column":39}}},"fnMap":{},"branchMap":{},"s":{"0":0},"f":{},"b":{}}
,"C:\\Users\\Breno\\Documents\\Projects\\cogna-test\\backend\\src\\user\\user.module.ts": {"path":"C:\\Users\\Breno\\Documents\\Projects\\cogna-test\\backend\\src\\user\\user.module.ts","statementMap":{"0":{"start":{"line":1,"column":0},"end":{"line":1,"column":40}},"1":{"start":{"line":2,"column":0},"end":{"line":2,"column":53}},"2":{"start":{"line":3,"column":0},"end":{"line":3,"column":47}},"3":{"start":{"line":4,"column":0},"end":{"line":4,"column":46}},"4":{"start":{"line":11,"column":7},"end":{"line":11,"column":null}},"5":{"start":{"line":11,"column":13},"end":{"line":11,"column":23}},"6":{"start":{"line":11,"column":13},"end":{"line":11,"column":null}}},"fnMap":{},"branchMap":{},"s":{"0":0,"1":0,"2":0,"3":0,"4":0,"5":0,"6":0},"f":{},"b":{}}
,"C:\\Users\\Breno\\Documents\\Projects\\cogna-test\\backend\\src\\user\\controller\\index.ts": {"path":"C:\\Users\\Breno\\Documents\\Projects\\cogna-test\\backend\\src\\user\\controller\\index.ts","statementMap":{"0":{"start":{"line":1,"column":0},"end":{"line":1,"column":34}}},"fnMap":{},"branchMap":{},"s":{"0":0},"f":{},"b":{}}
,"C:\\Users\\Breno\\Documents\\Projects\\cogna-test\\backend\\src\\user\\controller\\user.controller.ts": {"path":"C:\\Users\\Breno\\Documents\\Projects\\cogna-test\\backend\\src\\user\\controller\\user.controller.ts","statementMap":{"0":{"start":{"line":1,"column":0},"end":{"line":1,"column":68}},"1":{"start":{"line":3,"column":0},"end":{"line":3,"column":45}},"2":{"start":{"line":4,"column":0},"end":{"line":4,"column":62}},"3":{"start":{"line":5,"column":0},"end":{"line":5,"column":47}},"4":{"start":{"line":6,"column":0},"end":{"line":6,"column":45}},"5":{"start":{"line":9,"column":7},"end":{"line":22,"column":null}},"6":{"start":{"line":10,"column":31},"end":{"line":10,"column":44}},"7":{"start":{"line":14,"column":4},"end":{"line":14,"column":41}},"8":{"start":{"line":20,"column":4},"end":{"line":20,"column":50}},"9":{"start":{"line":9,"column":13},"end":{"line":9,"column":27}},"10":{"start":{"line":13,"column":2},"end":{"line":15,"column":null}},"11":{"start":{"line":19,"column":2},"end":{"line":21,"column":null}},"12":{"start":{"line":9,"column":13},"end":{"line":22,"column":null}}},"fnMap":{"0":{"name":"(anonymous_4)","decl":{"start":{"line":10,"column":2},"end":{"line":10,"column":31}},"loc":{"start":{"line":10,"column":55},"end":{"line":10,"column":59}}},"1":{"name":"(anonymous_5)","decl":{"start":{"line":13,"column":2},"end":{"line":13,"column":13}},"loc":{"start":{"line":13,"column":41},"end":{"line":15,"column":3}}},"2":{"name":"(anonymous_6)","decl":{"start":{"line":19,"column":2},"end":{"line":19,"column":12}},"loc":{"start":{"line":19,"column":49},"end":{"line":21,"column":3}}}},"branchMap":{},"s":{"0":0,"1":0,"2":0,"3":0,"4":0,"5":0,"6":0,"7":0,"8":0,"9":0,"10":0,"11":0,"12":0},"f":{"0":0,"1":0,"2":0},"b":{}}
,"C:\\Users\\Breno\\Documents\\Projects\\cogna-test\\backend\\src\\user\\dto\\create-user.dto.ts": {"path":"C:\\Users\\Breno\\Documents\\Projects\\cogna-test\\backend\\src\\user\\dto\\create-user.dto.ts","statementMap":{"0":{"start":{"line":1,"column":0},"end":{"line":1,"column":72}},"1":{"start":{"line":2,"column":0},"end":{"line":2,"column":58}},"2":{"start":{"line":4,"column":0},"end":{"line":4,"column":13}},"3":{"start":{"line":7,"column":2},"end":{"line":7,"column":null}},"4":{"start":{"line":10,"column":2},"end":{"line":10,"column":null}},"5":{"start":{"line":16,"column":2},"end":{"line":16,"column":null}},"6":{"start":{"line":19,"column":2},"end":{"line":19,"column":null}}},"fnMap":{},"branchMap":{},"s":{"0":0,"1":0,"2":0,"3":0,"4":0,"5":0,"6":0},"f":{},"b":{}}
,"C:\\Users\\Breno\\Documents\\Projects\\cogna-test\\backend\\src\\user\\dto\\index.ts": {"path":"C:\\Users\\Breno\\Documents\\Projects\\cogna-test\\backend\\src\\user\\dto\\index.ts","statementMap":{"0":{"start":{"line":1,"column":0},"end":{"line":1,"column":34}},"1":{"start":{"line":2,"column":0},"end":{"line":2,"column":34}}},"fnMap":{},"branchMap":{},"s":{"0":0,"1":0},"f":{},"b":{}}
,"C:\\Users\\Breno\\Documents\\Projects\\cogna-test\\backend\\src\\user\\dto\\update-user.dto.ts": {"path":"C:\\Users\\Breno\\Documents\\Projects\\cogna-test\\backend\\src\\user\\dto\\update-user.dto.ts","statementMap":{"0":{"start":{"line":1,"column":0},"end":{"line":1,"column":56}},"1":{"start":{"line":2,"column":0},"end":{"line":2,"column":41}},"2":{"start":{"line":3,"column":0},"end":{"line":3,"column":45}},"3":{"start":{"line":5,"column":0},"end":{"line":5,"column":13}},"4":{"start":{"line":9,"column":2},"end":{"line":9,"column":null}}},"fnMap":{},"branchMap":{},"s":{"0":0,"1":0,"2":0,"3":0,"4":0},"f":{},"b":{}}
,"C:\\Users\\Breno\\Documents\\Projects\\cogna-test\\backend\\src\\user\\repository\\index.ts": {"path":"C:\\Users\\Breno\\Documents\\Projects\\cogna-test\\backend\\src\\user\\repository\\index.ts","statementMap":{"0":{"start":{"line":1,"column":0},"end":{"line":1,"column":34}},"1":{"start":{"line":2,"column":0},"end":{"line":2,"column":44}}},"fnMap":{},"branchMap":{},"s":{"0":0,"1":0},"f":{},"b":{}}
,"C:\\Users\\Breno\\Documents\\Projects\\cogna-test\\backend\\src\\user\\repository\\user.repository.ts": {"path":"C:\\Users\\Breno\\Documents\\Projects\\cogna-test\\backend\\src\\user\\repository\\user.repository.ts","statementMap":{"0":{"start":{"line":1,"column":0},"end":{"line":1,"column":44}},"1":{"start":{"line":3,"column":0},"end":{"line":3,"column":72}},"2":{"start":{"line":6,"column":0},"end":{"line":6,"column":33}},"3":{"start":{"line":9,"column":7},"end":{"line":90,"column":null}},"4":{"start":{"line":10,"column":31},"end":{"line":10,"column":41}},"5":{"start":{"line":13,"column":4},"end":{"line":15,"column":7}},"6":{"start":{"line":19,"column":4},"end":{"line":21,"column":7}},"7":{"start":{"line":25,"column":4},"end":{"line":32,"column":7}},"8":{"start":{"line":36,"column":4},"end":{"line":36,"column":41}},"9":{"start":{"line":43,"column":27},"end":{"line":43,"column":64}},"10":{"start":{"line":44,"column":4},"end":{"line":49,"column":7}},"11":{"start":{"line":53,"column":28},"end":{"line":53,"column":41}},"12":{"start":{"line":54,"column":4},"end":{"line":57,"column":7}},"13":{"start":{"line":64,"column":4},"end":{"line":74,"column":66}},"14":{"start":{"line":74,"column":19},"end":{"line":74,"column":63}},"15":{"start":{"line":78,"column":4},"end":{"line":81,"column":7}},"16":{"start":{"line":85,"column":4},"end":{"line":88,"column":7}},"17":{"start":{"line":9,"column":13},"end":{"line":9,"column":27}},"18":{"start":{"line":9,"column":13},"end":{"line":90,"column":null}}},"fnMap":{"0":{"name":"(anonymous_2)","decl":{"start":{"line":10,"column":2},"end":{"line":10,"column":31}},"loc":{"start":{"line":10,"column":56},"end":{"line":10,"column":60}}},"1":{"name":"(anonymous_3)","decl":{"start":{"line":12,"column":2},"end":{"line":12,"column":10}},"loc":{"start":{"line":12,"column":25},"end":{"line":16,"column":3}}},"2":{"name":"(anonymous_4)","decl":{"start":{"line":18,"column":2},"end":{"line":18,"column":17}},"loc":{"start":{"line":18,"column":32},"end":{"line":22,"column":3}}},"3":{"name":"(anonymous_5)","decl":{"start":{"line":24,"column":2},"end":{"line":24,"column":13}},"loc":{"start":{"line":24,"column":34},"end":{"line":33,"column":3}}},"4":{"name":"(anonymous_6)","decl":{"start":{"line":35,"column":2},"end":{"line":35,"column":9}},"loc":{"start":{"line":35,"column":9},"end":{"line":37,"column":3}}},"5":{"name":"(anonymous_7)","decl":{"start":{"line":39,"column":2},"end":{"line":39,"column":8}},"loc":{"start":{"line":42,"column":18},"end":{"line":50,"column":3}}},"6":{"name":"(anonymous_8)","decl":{"start":{"line":52,"column":2},"end":{"line":52,"column":8}},"loc":{"start":{"line":52,"column":37},"end":{"line":58,"column":3}}},"7":{"name":"(anonymous_9)","decl":{"start":{"line":60,"column":2},"end":{"line":60,"column":7}},"loc":{"start":{"line":62,"column":26},"end":{"line":75,"column":3}}},"8":{"name":"(anonymous_10)","decl":{"start":{"line":74,"column":12},"end":{"line":74,"column":15}},"loc":{"start":{"line":74,"column":19},"end":{"line":74,"column":63}}},"9":{"name":"(anonymous_11)","decl":{"start":{"line":77,"column":2},"end":{"line":77,"column":7}},"loc":{"start":{"line":77,"column":29},"end":{"line":82,"column":3}}},"10":{"name":"(anonymous_12)","decl":{"start":{"line":84,"column":2},"end":{"line":84,"column":7}},"loc":{"start":{"line":84,"column":46},"end":{"line":89,"column":3}}}},"branchMap":{},"s":{"0":0,"1":0,"2":0,"3":0,"4":0,"5":0,"6":0,"7":0,"8":0,"9":0,"10":0,"11":0,"12":0,"13":0,"14":0,"15":0,"16":0,"17":0,"18":0},"f":{"0":0,"1":0,"2":0,"3":0,"4":0,"5":0,"6":0,"7":0,"8":0,"9":0,"10":0},"b":{}}
,"C:\\Users\\Breno\\Documents\\Projects\\cogna-test\\backend\\src\\user\\service\\index.ts": {"path":"C:\\Users\\Breno\\Documents\\Projects\\cogna-test\\backend\\src\\user\\service\\index.ts","statementMap":{"0":{"start":{"line":1,"column":0},"end":{"line":1,"column":31}},"1":{"start":{"line":2,"column":0},"end":{"line":2,"column":41}}},"fnMap":{},"branchMap":{},"s":{"0":0,"1":0},"f":{},"b":{}}
,"C:\\Users\\Breno\\Documents\\Projects\\cogna-test\\backend\\src\\user\\service\\user.service.ts": {"path":"C:\\Users\\Breno\\Documents\\Projects\\cogna-test\\backend\\src\\user\\service\\user.service.ts","statementMap":{"0":{"start":{"line":1,"column":0},"end":{"line":1,"column":44}},"1":{"start":{"line":3,"column":0},"end":{"line":3,"column":53}},"2":{"start":{"line":8,"column":7},"end":{"line":34,"column":null}},"3":{"start":{"line":9,"column":31},"end":{"line":9,"column":47}},"4":{"start":{"line":12,"column":4},"end":{"line":12,"column":44}},"5":{"start":{"line":16,"column":4},"end":{"line":16,"column":51}},"6":{"start":{"line":20,"column":4},"end":{"line":20,"column":41}},"7":{"start":{"line":24,"column":4},"end":{"line":24,"column":53}},"8":{"start":{"line":28,"column":4},"end":{"line":28,"column":53}},"9":{"start":{"line":32,"column":4},"end":{"line":32,"column":42}},"10":{"start":{"line":8,"column":13},"end":{"line":8,"column":24}},"11":{"start":{"line":8,"column":13},"end":{"line":34,"column":null}}},"fnMap":{"0":{"name":"(anonymous_2)","decl":{"start":{"line":9,"column":2},"end":{"line":9,"column":31}},"loc":{"start":{"line":9,"column":61},"end":{"line":9,"column":65}}},"1":{"name":"(anonymous_3)","decl":{"start":{"line":11,"column":2},"end":{"line":11,"column":10}},"loc":{"start":{"line":11,"column":25},"end":{"line":13,"column":3}}},"2":{"name":"(anonymous_4)","decl":{"start":{"line":15,"column":2},"end":{"line":15,"column":17}},"loc":{"start":{"line":15,"column":32},"end":{"line":17,"column":3}}},"3":{"name":"(anonymous_5)","decl":{"start":{"line":19,"column":2},"end":{"line":19,"column":9}},"loc":{"start":{"line":19,"column":9},"end":{"line":21,"column":3}}},"4":{"name":"(anonymous_6)","decl":{"start":{"line":23,"column":2},"end":{"line":23,"column":8}},"loc":{"start":{"line":23,"column":37},"end":{"line":25,"column":3}}},"5":{"name":"(anonymous_7)","decl":{"start":{"line":27,"column":2},"end":{"line":27,"column":8}},"loc":{"start":{"line":27,"column":37},"end":{"line":29,"column":3}}},"6":{"name":"(anonymous_8)","decl":{"start":{"line":31,"column":2},"end":{"line":31,"column":8}},"loc":{"start":{"line":31,"column":23},"end":{"line":33,"column":3}}}},"branchMap":{},"s":{"0":0,"1":0,"2":0,"3":0,"4":0,"5":0,"6":0,"7":0,"8":0,"9":0,"10":0,"11":0},"f":{"0":0,"1":0,"2":0,"3":0,"4":0,"5":0,"6":0},"b":{}}
,"C:\\Users\\Breno\\Documents\\Projects\\cogna-test\\backend\\test\\app.e2e-spec.ts": {"path":"C:\\Users\\Breno\\Documents\\Projects\\cogna-test\\backend\\test\\app.e2e-spec.ts","statementMap":{"0":{"start":{"line":1,"column":0},"end":{"line":1,"column":54}},"1":{"start":{"line":3,"column":0},"end":{"line":3,"column":37}},"2":{"start":{"line":5,"column":0},"end":{"line":5,"column":48}},"3":{"start":{"line":7,"column":0},"end":{"line":25,"column":3}},"4":{"start":{"line":10,"column":2},"end":{"line":17,"column":5}},"5":{"start":{"line":11,"column":41},"end":{"line":13,"column":16}},"6":{"start":{"line":15,"column":4},"end":{"line":15,"column":48}},"7":{"start":{"line":16,"column":4},"end":{"line":16,"column":21}},"8":{"start":{"line":19,"column":2},"end":{"line":24,"column":5}},"9":{"start":{"line":20,"column":4},"end":{"line":23,"column":30}}},"fnMap":{"0":{"name":"(anonymous_0)","decl":{"start":{"line":7,"column":32},"end":{"line":7,"column":35}},"loc":{"start":{"line":7,"column":37},"end":{"line":25,"column":1}}},"1":{"name":"(anonymous_1)","decl":{"start":{"line":10,"column":13},"end":{"line":10,"column":18}},"loc":{"start":{"line":10,"column":24},"end":{"line":17,"column":3}}},"2":{"name":"(anonymous_2)","decl":{"start":{"line":19,"column":16},"end":{"line":19,"column":19}},"loc":{"start":{"line":19,"column":21},"end":{"line":24,"column":3}}}},"branchMap":{},"s":{"0":0,"1":0,"2":0,"3":0,"4":0,"5":0,"6":0,"7":0,"8":0,"9":0},"f":{"0":0,"1":0,"2":0},"b":{}}
}
